<?xml version="1.0" encoding="utf-8"?>
<TestRun id="c4918c95-92b7-4089-be8f-da925b9cb125" name="nfjpc@BIODESK 2025-10-23 17:31:37" runUser="BIODESK\nfjpc" xmlns="http://microsoft.com/schemas/VisualStudio/TeamTest/2010">
  <Times creation="2025-10-23T17:31:37.3951101+01:00" queuing="2025-10-23T17:31:37.3951106+01:00" start="2025-10-23T17:31:26.2601549+01:00" finish="2025-10-23T17:32:12.1156005+01:00" />
  <TestSettings name="default" id="97614f52-f0af-46de-b850-9f63bf924578">
    <Deployment runDeploymentRoot="nfjpc_BIODESK_2025-10-23_17_31_37" />
  </TestSettings>
  <Results>
    <UnitTestResult executionId="fe8596f1-53b7-463a-ac34-b2dffbd779ce" testId="645b112c-9d86-99e6-82a8-b651e710fa53" testName="BioDesk.Tests.Validators.ProtocoloTerapeuticoValidatorTests.DuracaoMinPorFrequencia_ForaDoRange_DeveGerarErro(duracao: 0)" computerName="BIODESK" duration="00:00:00.0005527" startTime="2025-10-23T17:31:47.1501654+01:00" endTime="2025-10-23T17:31:47.1501655+01:00" testType="13cdc9d9-ddb5-4fa4-a97d-d965ccfc6d4b" outcome="Passed" testListId="8c84fa94-04c1-424b-9868-57a2d4851a1d" relativeResultsDirectory="fe8596f1-53b7-463a-ac34-b2dffbd779ce" />
    <UnitTestResult executionId="ca7e40cb-278e-4898-af1d-3b190d0dc6b8" testId="bd173975-e036-1924-3b9c-00e395a422f2" testName="BioDesk.Tests.Validators.TerapiaFilaItemValidatorTests.Ordem_DeveSerMaiorQueZero(ordem: -10)" computerName="BIODESK" duration="00:00:00.0001379" startTime="2025-10-23T17:31:44.0700104+01:00" endTime="2025-10-23T17:31:44.0700106+01:00" testType="13cdc9d9-ddb5-4fa4-a97d-d965ccfc6d4b" outcome="Passed" testListId="8c84fa94-04c1-424b-9868-57a2d4851a1d" relativeResultsDirectory="ca7e40cb-278e-4898-af1d-3b190d0dc6b8" />
    <UnitTestResult executionId="62e3dd7b-dac1-44ba-a676-cadce13b4429" testId="b87f94be-be8c-dd63-e1f6-a3cba08b5adc" testName="BioDesk.Tests.Hardware.TiePie.Protocol.HS3CommandBuilderTests.Build_WithMultipleParameters_ChainsProperly" computerName="BIODESK" duration="00:00:01.8821462" startTime="2025-10-23T17:31:45.3300644+01:00" endTime="2025-10-23T17:31:45.3300645+01:00" testType="13cdc9d9-ddb5-4fa4-a97d-d965ccfc6d4b" outcome="Passed" testListId="8c84fa94-04c1-424b-9868-57a2d4851a1d" relativeResultsDirectory="62e3dd7b-dac1-44ba-a676-cadce13b4429" />
    <UnitTestResult executionId="82b1ca85-fd87-427d-a575-c3fc564c7201" testId="42443302-cc12-887e-890e-5add1eadbf36" testName="BioDesk.Tests.Validators.ProtocoloTerapeuticoValidatorTests.FormaOnda_Invalida_DeveGerarErro(formaOnda: &quot;&quot;)" computerName="BIODESK" duration="00:00:00.0001163" startTime="2025-10-23T17:31:49.2205070+01:00" endTime="2025-10-23T17:31:49.2205070+01:00" testType="13cdc9d9-ddb5-4fa4-a97d-d965ccfc6d4b" outcome="Passed" testListId="8c84fa94-04c1-424b-9868-57a2d4851a1d" relativeResultsDirectory="82b1ca85-fd87-427d-a575-c3fc564c7201" />
    <UnitTestResult executionId="4538c340-2fae-4d5a-b101-b4a973c6982c" testId="fb94f2b6-9a0a-20b8-ac7c-145024458f42" testName="BioDesk.Tests.Validators.TerapiaFilaItemValidatorTests.Nome_DeveTerMinimo3Caracteres" computerName="BIODESK" duration="00:00:00.0010296" startTime="2025-10-23T17:31:44.0686226+01:00" endTime="2025-10-23T17:31:44.0686228+01:00" testType="13cdc9d9-ddb5-4fa4-a97d-d965ccfc6d4b" outcome="Passed" testListId="8c84fa94-04c1-424b-9868-57a2d4851a1d" relativeResultsDirectory="4538c340-2fae-4d5a-b101-b4a973c6982c" />
    <UnitTestResult executionId="39dbe051-5e6d-4c87-ab0b-d80625289faa" testId="772b5cc8-25c5-7049-2ae0-c2c27040cec5" testName="BioDesk.Tests.Hardware.TiePie.Protocol.HS3CommandPresetsTests.SetFrequency_WithValidRange_ReturnsValidCommand(frequency: 432)" computerName="BIODESK" duration="00:00:00.0000043" startTime="2025-10-23T17:31:45.3367908+01:00" endTime="2025-10-23T17:31:45.3367909+01:00" testType="13cdc9d9-ddb5-4fa4-a97d-d965ccfc6d4b" outcome="Passed" testListId="8c84fa94-04c1-424b-9868-57a2d4851a1d" relativeResultsDirectory="39dbe051-5e6d-4c87-ab0b-d80625289faa" />
    <UnitTestResult executionId="83bc5324-8b62-451e-b6b5-73709a401021" testId="ed6c8dbe-0038-8246-f289-225eadc2696a" testName="BioDesk.Tests.Hardware.TiePie.Protocol.HS3CommandBuilderTests.Frequency_JustBelowMinBoundary_ThrowsException" computerName="BIODESK" duration="00:00:00.0004198" startTime="2025-10-23T17:31:45.3375053+01:00" endTime="2025-10-23T17:31:45.3375054+01:00" testType="13cdc9d9-ddb5-4fa4-a97d-d965ccfc6d4b" outcome="Passed" testListId="8c84fa94-04c1-424b-9868-57a2d4851a1d" relativeResultsDirectory="83bc5324-8b62-451e-b6b5-73709a401021" />
    <UnitTestResult executionId="399d4954-1048-47bf-8afe-2f22dc4800cf" testId="029ec0c7-67e1-a6c4-82f9-ca63d4cc0455" testName="BioDesk.Tests.Hardware.TiePie.Protocol.HS3CommandBuilderTests.Frequency_WithInvalidRange_ThrowsArgumentException(frequency: -100)" computerName="BIODESK" duration="00:00:00.0003441" startTime="2025-10-23T17:31:43.4478337+01:00" endTime="2025-10-23T17:31:43.4478338+01:00" testType="13cdc9d9-ddb5-4fa4-a97d-d965ccfc6d4b" outcome="Passed" testListId="8c84fa94-04c1-424b-9868-57a2d4851a1d" relativeResultsDirectory="399d4954-1048-47bf-8afe-2f22dc4800cf" />
    <UnitTestResult executionId="0e1e8fe1-083b-470c-8f72-512387389341" testId="35d00fa3-f5ca-b929-2b24-0c3179829f18" testName="BioDesk.Tests.Hardware.TiePie.Protocol.HS3CommandBuilderTests.OpCode_WithValidValue_Stores" computerName="BIODESK" duration="00:00:00.0001748" startTime="2025-10-23T17:31:45.3352083+01:00" endTime="2025-10-23T17:31:45.3352090+01:00" testType="13cdc9d9-ddb5-4fa4-a97d-d965ccfc6d4b" outcome="Passed" testListId="8c84fa94-04c1-424b-9868-57a2d4851a1d" relativeResultsDirectory="0e1e8fe1-083b-470c-8f72-512387389341" />
    <UnitTestResult executionId="7fa47414-5f18-403d-a83f-0f489c0e83b8" testId="ba894257-f2d3-f23f-355f-38aaffd0f783" testName="BioDesk.Tests.Validators.ProtocoloTerapeuticoValidatorTests.LimiteCorrenteMa_DentroDoRange_NaoDeveGerarErro(corrente: 10)" computerName="BIODESK" duration="00:00:00.0000996" startTime="2025-10-23T17:31:49.2168809+01:00" endTime="2025-10-23T17:31:49.2168810+01:00" testType="13cdc9d9-ddb5-4fa4-a97d-d965ccfc6d4b" outcome="Passed" testListId="8c84fa94-04c1-424b-9868-57a2d4851a1d" relativeResultsDirectory="7fa47414-5f18-403d-a83f-0f489c0e83b8" />
    <UnitTestResult executionId="1915f5eb-9805-4f1a-b9d1-a6d8746f3267" testId="3267d0fe-ec5f-bdc8-39dc-18b3b173b5d4" testName="BioDesk.Tests.Services.RngServiceTests.GenerateUniqueRandomInts_HardwareCrypto_RetornaNumerosUnicos" computerName="BIODESK" duration="00:00:00.0042967" startTime="2025-10-23T17:31:51.0233574+01:00" endTime="2025-10-23T17:31:51.0233576+01:00" testType="13cdc9d9-ddb5-4fa4-a97d-d965ccfc6d4b" outcome="Passed" testListId="8c84fa94-04c1-424b-9868-57a2d4851a1d" relativeResultsDirectory="1915f5eb-9805-4f1a-b9d1-a6d8746f3267" />
    <UnitTestResult executionId="daab6079-a64d-45e2-84db-6758f4eee0e0" testId="c180bd85-a779-1524-d877-cc988522eb19" testName="BioDesk.Tests.Hardware.TiePie.Protocol.HS3CommandBuilderTests.AddCRC8_DifferentOpcodes_ProduceDifferentChecksums" computerName="BIODESK" duration="00:00:00.0037542" startTime="2025-10-23T17:31:45.3412363+01:00" endTime="2025-10-23T17:31:45.3412366+01:00" testType="13cdc9d9-ddb5-4fa4-a97d-d965ccfc6d4b" outcome="Passed" testListId="8c84fa94-04c1-424b-9868-57a2d4851a1d" relativeResultsDirectory="daab6079-a64d-45e2-84db-6758f4eee0e0" />
    <UnitTestResult executionId="8afcd205-85b4-4e44-8588-cff5738c6142" testId="3a121272-9cc8-6e21-0978-56f7976c84c8" testName="BioDesk.Tests.Validators.ProtocoloTerapeuticoValidatorTests.Modulacao_Valida_NaoDeveGerarErro(modulacao: &quot;AM&quot;)" computerName="BIODESK" duration="00:00:00.0002195" startTime="2025-10-23T17:31:47.1465900+01:00" endTime="2025-10-23T17:31:47.1465900+01:00" testType="13cdc9d9-ddb5-4fa4-a97d-d965ccfc6d4b" outcome="Passed" testListId="8c84fa94-04c1-424b-9868-57a2d4851a1d" relativeResultsDirectory="8afcd205-85b4-4e44-8588-cff5738c6142" />
    <UnitTestResult executionId="5d7accea-dd5e-45a1-9509-f6b6f6aeb81a" testId="9ee29586-0998-9a13-1cbe-1ae0345f2b06" testName="BioDesk.Tests.Validators.TerapiaFilaItemValidatorTests.ValuePercent_DentroDoRange_NaoDeveGerarErro(value: 50)" computerName="BIODESK" duration="00:00:00.0001395" startTime="2025-10-23T17:31:44.0640542+01:00" endTime="2025-10-23T17:31:44.0640545+01:00" testType="13cdc9d9-ddb5-4fa4-a97d-d965ccfc6d4b" outcome="Passed" testListId="8c84fa94-04c1-424b-9868-57a2d4851a1d" relativeResultsDirectory="5d7accea-dd5e-45a1-9509-f6b6f6aeb81a" />
    <UnitTestResult executionId="e056c038-2702-451a-ab2d-90a47d3ce49c" testId="680399cd-5675-9e51-06ed-2389d85ffc2a" testName="BioDesk.Tests.Validators.TerapiaFilaItemValidatorTests.AlvoMelhoria_DentroDoRange_NaoDeveGerarErro(alvo: 1)" computerName="BIODESK" duration="00:00:00.0003539" startTime="2025-10-23T17:31:44.0650323+01:00" endTime="2025-10-23T17:31:44.0650325+01:00" testType="13cdc9d9-ddb5-4fa4-a97d-d965ccfc6d4b" outcome="Passed" testListId="8c84fa94-04c1-424b-9868-57a2d4851a1d" relativeResultsDirectory="e056c038-2702-451a-ab2d-90a47d3ce49c" />
    <UnitTestResult executionId="b93913b5-4ab8-4aa0-a4ae-23f4ab6f00a7" testId="1c0e942f-ba01-e62d-391f-76442b4cdbbb" testName="BioDesk.Tests.Hardware.TiePie.Protocol.HS3CommandPresetsTests.StartEmission_AlwaysReturnsSameCommand" computerName="BIODESK" duration="00:00:01.7260419" startTime="2025-10-23T17:31:47.0652059+01:00" endTime="2025-10-23T17:31:47.0652064+01:00" testType="13cdc9d9-ddb5-4fa4-a97d-d965ccfc6d4b" outcome="Passed" testListId="8c84fa94-04c1-424b-9868-57a2d4851a1d" relativeResultsDirectory="b93913b5-4ab8-4aa0-a4ae-23f4ab6f00a7" />
    <UnitTestResult executionId="9cf605bb-8b43-4af7-bb2e-894b3211a4b5" testId="caa07b50-bd77-8165-aa52-a921121a81b9" testName="BioDesk.Tests.Validators.ProtocoloTerapeuticoValidatorTests.Canal_Valido_NaoDeveGerarErro(canal: &quot;1&quot;)" computerName="BIODESK" duration="00:00:00.0003693" startTime="2025-10-23T17:31:49.2153137+01:00" endTime="2025-10-23T17:31:49.2153138+01:00" testType="13cdc9d9-ddb5-4fa4-a97d-d965ccfc6d4b" outcome="Passed" testListId="8c84fa94-04c1-424b-9868-57a2d4851a1d" relativeResultsDirectory="9cf605bb-8b43-4af7-bb2e-894b3211a4b5" />
    <UnitTestResult executionId="18680ab7-b7fe-42fd-b0c9-1d4c459d507f" testId="d842f00a-2d87-7582-291b-f95fea9fcd9c" testName="BioDesk.Tests.Hardware.TiePie.Protocol.HS3CommandBuilderTests.ValidateMaxSize_WithValidSize_DoesNotThrow" computerName="BIODESK" duration="00:00:00.0001402" startTime="2025-10-23T17:31:45.3322513+01:00" endTime="2025-10-23T17:31:45.3322539+01:00" testType="13cdc9d9-ddb5-4fa4-a97d-d965ccfc6d4b" outcome="Passed" testListId="8c84fa94-04c1-424b-9868-57a2d4851a1d" relativeResultsDirectory="18680ab7-b7fe-42fd-b0c9-1d4c459d507f" />
    <UnitTestResult executionId="c9d45379-7bca-460a-b323-90cf128096bb" testId="c74025bd-0273-56b3-512f-6490e9a13d5e" testName="BioDesk.Tests.Validators.ProtocoloTerapeuticoValidatorTests.Modulacao_Valida_NaoDeveGerarErro(modulacao: &quot;Burst&quot;)" computerName="BIODESK" duration="00:00:00.0002106" startTime="2025-10-23T17:31:47.1465196+01:00" endTime="2025-10-23T17:31:47.1465196+01:00" testType="13cdc9d9-ddb5-4fa4-a97d-d965ccfc6d4b" outcome="Passed" testListId="8c84fa94-04c1-424b-9868-57a2d4851a1d" relativeResultsDirectory="c9d45379-7bca-460a-b323-90cf128096bb" />
    <UnitTestResult executionId="4aecb5c7-7d12-4088-89c5-64dbfc6a823c" testId="ac7cdbc1-91c9-b1d7-40c7-93e16fe16d7d" testName="BioDesk.Tests.Hardware.TiePie.Protocol.HS3CommandPresetsTests.SetAmplitude_WithValidRange_ReturnsValidCommand(amplitude: 75)" computerName="BIODESK" duration="00:00:00.0001834" startTime="2025-10-23T17:31:45.3370170+01:00" endTime="2025-10-23T17:31:45.3370171+01:00" testType="13cdc9d9-ddb5-4fa4-a97d-d965ccfc6d4b" outcome="Passed" testListId="8c84fa94-04c1-424b-9868-57a2d4851a1d" relativeResultsDirectory="4aecb5c7-7d12-4088-89c5-64dbfc6a823c" />
    <UnitTestResult executionId="22cda67c-1a89-4623-bb57-051ddaa37fca" testId="9d470831-7625-ac66-b18a-9687bd30c774" testName="BioDesk.Tests.Hardware.TiePie.Protocol.HS3CommandBuilderTests.Duration_WithInvalidRange_ThrowsArgumentException(duration: 1000)" computerName="BIODESK" duration="00:00:00.0005027" startTime="2025-10-23T17:31:45.3304923+01:00" endTime="2025-10-23T17:31:45.3304924+01:00" testType="13cdc9d9-ddb5-4fa4-a97d-d965ccfc6d4b" outcome="Passed" testListId="8c84fa94-04c1-424b-9868-57a2d4851a1d" relativeResultsDirectory="22cda67c-1a89-4623-bb57-051ddaa37fca" />
    <UnitTestResult executionId="e1fa09f0-fc60-4ad2-9e89-222711d9e0aa" testId="27861b51-3158-a1ce-4eff-46b8301a4d00" testName="BioDesk.Tests.Validators.ProtocoloTerapeuticoValidatorTests.Canal_Invalido_DeveGerarErro(canal: &quot;&quot;)" computerName="BIODESK" duration="00:00:00.0004539" startTime="2025-10-23T17:31:47.1549161+01:00" endTime="2025-10-23T17:31:47.1549162+01:00" testType="13cdc9d9-ddb5-4fa4-a97d-d965ccfc6d4b" outcome="Passed" testListId="8c84fa94-04c1-424b-9868-57a2d4851a1d" relativeResultsDirectory="e1fa09f0-fc60-4ad2-9e89-222711d9e0aa" />
    <UnitTestResult executionId="ea752f25-6f86-42ac-95d3-6438619a6f3e" testId="2fa6c40e-aed8-80f5-2ec8-800012a9a7a0" testName="BioDesk.Tests.Validators.ProtocoloTerapeuticoValidatorTests.LimiteCorrenteMa_ForaDoRange_DeveGerarErro(corrente: 100)" computerName="BIODESK" duration="00:00:00.0006874" startTime="2025-10-23T17:31:47.1475955+01:00" endTime="2025-10-23T17:31:47.1475956+01:00" testType="13cdc9d9-ddb5-4fa4-a97d-d965ccfc6d4b" outcome="Passed" testListId="8c84fa94-04c1-424b-9868-57a2d4851a1d" relativeResultsDirectory="ea752f25-6f86-42ac-95d3-6438619a6f3e" />
    <UnitTestResult executionId="8030a04e-a7ff-4263-8deb-0e00cc87b06e" testId="7e08eaa2-134d-8010-3905-57abeb9a47ab" testName="BioDesk.Tests.Validators.TerapiaFilaItemValidatorTests.FilaItemValido_NaoDeveGerarErros" computerName="BIODESK" duration="00:00:00.0003460" startTime="2025-10-23T17:31:44.0704374+01:00" endTime="2025-10-23T17:31:44.0704375+01:00" testType="13cdc9d9-ddb5-4fa4-a97d-d965ccfc6d4b" outcome="Passed" testListId="8c84fa94-04c1-424b-9868-57a2d4851a1d" relativeResultsDirectory="8030a04e-a7ff-4263-8deb-0e00cc87b06e" />
    <UnitTestResult executionId="130f8bd3-dc6e-4847-96fd-673c0df95803" testId="21a4ccf0-b065-9a89-134e-463ce5124f99" testName="BioDesk.Tests.Hardware.TiePie.Protocol.HS3CommandBuilderTests.Duration_WithValidRange_Accepts(duration: 0)" computerName="BIODESK" duration="00:00:00.0001714" startTime="2025-10-23T17:31:43.4481087+01:00" endTime="2025-10-23T17:31:43.4481088+01:00" testType="13cdc9d9-ddb5-4fa4-a97d-d965ccfc6d4b" outcome="Passed" testListId="8c84fa94-04c1-424b-9868-57a2d4851a1d" relativeResultsDirectory="130f8bd3-dc6e-4847-96fd-673c0df95803" />
    <UnitTestResult executionId="2efbcd30-5bad-416d-a93c-8c67b65cbb8b" testId="10a57606-844d-3cf2-53a2-fada7a2e3a39" testName="BioDesk.Tests.Hardware.TiePie.Protocol.HS3CommandBuilderTests.Duration_AtMinBoundary_IsValid" computerName="BIODESK" duration="00:00:00.0001218" startTime="2025-10-23T17:31:45.3311847+01:00" endTime="2025-10-23T17:31:45.3311848+01:00" testType="13cdc9d9-ddb5-4fa4-a97d-d965ccfc6d4b" outcome="Passed" testListId="8c84fa94-04c1-424b-9868-57a2d4851a1d" relativeResultsDirectory="2efbcd30-5bad-416d-a93c-8c67b65cbb8b" />
    <UnitTestResult executionId="901acabd-5be0-4b18-aa4e-1eb4479ec4b0" testId="83fce7e5-3751-ae19-bb8e-f4ee70850549" testName="BioDesk.Tests.Validators.TerapiaFilaItemValidatorTests.DuracaoSegundos_Positiva_NaoDeveGerarErro(duracao: 1)" computerName="BIODESK" duration="00:00:00.0001512" startTime="2025-10-23T17:31:44.0482252+01:00" endTime="2025-10-23T17:31:44.0482253+01:00" testType="13cdc9d9-ddb5-4fa4-a97d-d965ccfc6d4b" outcome="Passed" testListId="8c84fa94-04c1-424b-9868-57a2d4851a1d" relativeResultsDirectory="901acabd-5be0-4b18-aa4e-1eb4479ec4b0" />
    <UnitTestResult executionId="b9aa59af-c9ed-4abd-bcb5-65399f37f174" testId="b6b115ef-e099-9648-c0c1-66a62d0e8f74" testName="BioDesk.Tests.Validators.ProtocoloTerapeuticoValidatorTests.FrequenciasJson_DeveSerArrayJSONValido" computerName="BIODESK" duration="00:00:02.0550978" startTime="2025-10-23T17:31:49.2141848+01:00" endTime="2025-10-23T17:31:49.2141852+01:00" testType="13cdc9d9-ddb5-4fa4-a97d-d965ccfc6d4b" outcome="Passed" testListId="8c84fa94-04c1-424b-9868-57a2d4851a1d" relativeResultsDirectory="b9aa59af-c9ed-4abd-bcb5-65399f37f174" />
    <UnitTestResult executionId="710dfc84-aa97-4d54-b427-ae4c2b4a1898" testId="3d3ed5fe-4ca6-d6c9-ec9b-95e8d9851c51" testName="BioDesk.Tests.Hardware.TiePie.Protocol.HS3CommandPresetsTests.Waveform_SquareValue_Is0x01" computerName="BIODESK" duration="00:00:00.0004137" startTime="2025-10-23T17:31:47.0657032+01:00" endTime="2025-10-23T17:31:47.0657034+01:00" testType="13cdc9d9-ddb5-4fa4-a97d-d965ccfc6d4b" outcome="Passed" testListId="8c84fa94-04c1-424b-9868-57a2d4851a1d" relativeResultsDirectory="710dfc84-aa97-4d54-b427-ae4c2b4a1898" />
    <UnitTestResult executionId="b22b7cce-37ca-4561-a93b-6a4a0d4c405c" testId="42d65b78-b0f9-b822-5188-189a96dd1fc0" testName="BioDesk.Tests.Hardware.TiePie.Protocol.HS3CommandBuilderTests.OpCode_WithZero_ThrowsException" computerName="BIODESK" duration="00:00:00.0003251" startTime="2025-10-23T17:31:45.3356792+01:00" endTime="2025-10-23T17:31:45.3356793+01:00" testType="13cdc9d9-ddb5-4fa4-a97d-d965ccfc6d4b" outcome="Passed" testListId="8c84fa94-04c1-424b-9868-57a2d4851a1d" relativeResultsDirectory="b22b7cce-37ca-4561-a93b-6a4a0d4c405c" />
    <UnitTestResult executionId="0739946b-91fd-44e7-8c38-00fda29c60c6" testId="fa74fb46-4520-304c-625e-a1d6ad1cfd8a" testName="BioDesk.Tests.Hardware.TiePie.Protocol.HS3CommandBuilderTests.CompleteFrequencyEmitCommand_BuildsSuccessfully" computerName="BIODESK" duration="00:00:00.0016461" startTime="2025-10-23T17:31:45.3429886+01:00" endTime="2025-10-23T17:31:45.3429887+01:00" testType="13cdc9d9-ddb5-4fa4-a97d-d965ccfc6d4b" outcome="Passed" testListId="8c84fa94-04c1-424b-9868-57a2d4851a1d" relativeResultsDirectory="0739946b-91fd-44e7-8c38-00fda29c60c6" />
    <UnitTestResult executionId="d55bfffd-15b8-480d-8676-0d0f9baff2cd" testId="3e70af7d-a29c-ba49-8338-98ed07327f59" testName="BioDesk.Tests.Hardware.TiePie.Protocol.HS3CommandPresetsTests.OpCode_GetStatus_Is0x03" computerName="BIODESK" duration="00:00:00.0000809" startTime="2025-10-23T17:31:47.0703157+01:00" endTime="2025-10-23T17:31:47.0703158+01:00" testType="13cdc9d9-ddb5-4fa4-a97d-d965ccfc6d4b" outcome="Passed" testListId="8c84fa94-04c1-424b-9868-57a2d4851a1d" relativeResultsDirectory="d55bfffd-15b8-480d-8676-0d0f9baff2cd" />
    <UnitTestResult executionId="0a305d5c-2b3b-4e2c-a4bb-92df98502116" testId="2af80702-41d9-ae43-604f-69df871b0704" testName="BioDesk.Tests.Validators.TerapiaFilaItemValidatorTests.DuracaoSegundos_SeDefinida_DeveSerPositiva(duracao: 0)" computerName="BIODESK" duration="00:00:00.0006686" startTime="2025-10-23T17:31:44.0712012+01:00" endTime="2025-10-23T17:31:44.0712014+01:00" testType="13cdc9d9-ddb5-4fa4-a97d-d965ccfc6d4b" outcome="Passed" testListId="8c84fa94-04c1-424b-9868-57a2d4851a1d" relativeResultsDirectory="0a305d5c-2b3b-4e2c-a4bb-92df98502116" />
    <UnitTestResult executionId="d37ccbfb-c4a0-42b9-9a2a-b99b5bb97edf" testId="7299063d-aa97-819e-6b8a-11fc5d224c99" testName="BioDesk.Tests.Validators.ProtocoloTerapeuticoValidatorTests.Modulacao_Valida_NaoDeveGerarErro(modulacao: &quot;none&quot;)" computerName="BIODESK" duration="00:00:00.0001958" startTime="2025-10-23T17:31:47.1468314+01:00" endTime="2025-10-23T17:31:47.1468315+01:00" testType="13cdc9d9-ddb5-4fa4-a97d-d965ccfc6d4b" outcome="Passed" testListId="8c84fa94-04c1-424b-9868-57a2d4851a1d" relativeResultsDirectory="d37ccbfb-c4a0-42b9-9a2a-b99b5bb97edf" />
    <UnitTestResult executionId="543ff06f-f19a-4f81-b5df-30f1e89af0b9" testId="db830ea2-a05c-ea35-ecf5-60af267cec63" testName="BioDesk.Tests.Hardware.TiePie.Protocol.HS3CommandPresetsTests.OpCode_SetDuration_Is0x45" computerName="BIODESK" duration="00:00:00.0001005" startTime="2025-10-23T17:31:45.3388315+01:00" endTime="2025-10-23T17:31:45.3388317+01:00" testType="13cdc9d9-ddb5-4fa4-a97d-d965ccfc6d4b" outcome="Passed" testListId="8c84fa94-04c1-424b-9868-57a2d4851a1d" relativeResultsDirectory="543ff06f-f19a-4f81-b5df-30f1e89af0b9" />
    <UnitTestResult executionId="931fc220-9944-48f6-974b-5629f63596cb" testId="0a0ecb23-35d3-0fd7-9b6e-daab3baa9f2a" testName="BioDesk.Tests.Validators.ProtocoloTerapeuticoValidatorTests.Canal_Invalido_DeveGerarErro(canal: &quot;3&quot;)" computerName="BIODESK" duration="00:00:00.0003712" startTime="2025-10-23T17:31:47.1553278+01:00" endTime="2025-10-23T17:31:47.1553279+01:00" testType="13cdc9d9-ddb5-4fa4-a97d-d965ccfc6d4b" outcome="Passed" testListId="8c84fa94-04c1-424b-9868-57a2d4851a1d" relativeResultsDirectory="931fc220-9944-48f6-974b-5629f63596cb" />
    <UnitTestResult executionId="86821da8-da3d-4529-809e-2d4c83a6fc8c" testId="b1e1003c-a0be-e89b-63a0-885074d938ff" testName="BioDesk.Tests.Services.DummyTiePieHardwareServiceTests.SendSignal_DiferentesConfiguracoes_RetornaTrue(channel: Channel2, frequencyHz: 5000, voltageV: 3, waveform: Sawtooth)" computerName="BIODESK" duration="00:00:00.5173888" startTime="2025-10-23T17:31:55.0706543+01:00" endTime="2025-10-23T17:31:55.0706544+01:00" testType="13cdc9d9-ddb5-4fa4-a97d-d965ccfc6d4b" outcome="Passed" testListId="8c84fa94-04c1-424b-9868-57a2d4851a1d" relativeResultsDirectory="86821da8-da3d-4529-809e-2d4c83a6fc8c" />
    <UnitTestResult executionId="9b9f6f20-2921-4ebd-a60c-304376c7cff1" testId="8e7e158e-1468-c47e-8bff-ec1588c346e6" testName="BioDesk.Tests.Validators.TerapiaFilaItemValidatorTests.AlvoMelhoria_DentroDoRange_NaoDeveGerarErro(alvo: 100)" computerName="BIODESK" duration="00:00:00.0001377" startTime="2025-10-23T17:31:44.0654979+01:00" endTime="2025-10-23T17:31:44.0654981+01:00" testType="13cdc9d9-ddb5-4fa4-a97d-d965ccfc6d4b" outcome="Passed" testListId="8c84fa94-04c1-424b-9868-57a2d4851a1d" relativeResultsDirectory="9b9f6f20-2921-4ebd-a60c-304376c7cff1" />
    <UnitTestResult executionId="29a6c4e3-520d-45f3-b2c5-5ebfa624ea84" testId="9c2bbbe2-bf34-6541-5dc7-3d225c86b69d" testName="BioDesk.Tests.Validators.TerapiaFilaItemValidatorTests.Ordem_Valida_NaoDeveGerarErro(ordem: 5)" computerName="BIODESK" duration="00:00:00.0003614" startTime="2025-10-23T17:31:44.0625042+01:00" endTime="2025-10-23T17:31:44.0625043+01:00" testType="13cdc9d9-ddb5-4fa4-a97d-d965ccfc6d4b" outcome="Passed" testListId="8c84fa94-04c1-424b-9868-57a2d4851a1d" relativeResultsDirectory="29a6c4e3-520d-45f3-b2c5-5ebfa624ea84" />
    <UnitTestResult executionId="e52b4b47-60b7-4fbf-916f-f071047fd1e3" testId="ba367b4d-36ff-ce4a-b5a6-71844900d46b" testName="BioDesk.Tests.Validators.TerapiaFilaItemValidatorTests.ProtocoloId_DeveSerMaiorQueZero(protocoloId: -100)" computerName="BIODESK" duration="00:00:00.0001585" startTime="2025-10-23T17:31:44.0732333+01:00" endTime="2025-10-23T17:31:44.0732334+01:00" testType="13cdc9d9-ddb5-4fa4-a97d-d965ccfc6d4b" outcome="Passed" testListId="8c84fa94-04c1-424b-9868-57a2d4851a1d" relativeResultsDirectory="e52b4b47-60b7-4fbf-916f-f071047fd1e3" />
    <UnitTestResult executionId="4ff7aad7-a958-4424-8a2a-b8916ebc237f" testId="d87de235-4c00-d818-099a-231c9e3ffcf7" testName="BioDesk.Tests.Services.DummyTiePieHardwareServiceTests.SendSignal_ConfiguracaoNull_ThrowsArgumentNullException" computerName="BIODESK" duration="00:00:00.0015408" startTime="2025-10-23T17:31:53.0149715+01:00" endTime="2025-10-23T17:31:53.0149716+01:00" testType="13cdc9d9-ddb5-4fa4-a97d-d965ccfc6d4b" outcome="Passed" testListId="8c84fa94-04c1-424b-9868-57a2d4851a1d" relativeResultsDirectory="4ff7aad7-a958-4424-8a2a-b8916ebc237f" />
    <UnitTestResult executionId="46cce390-2d77-4546-b689-779d67f4d62e" testId="f69982c7-e937-5c49-db99-b80b5c056e09" testName="BioDesk.Tests.Hardware.TiePie.Protocol.HS3CommandPresetsTests.SetWaveform_WithValidEnum_ReturnsValidCommand(waveform: Triangle)" computerName="BIODESK" duration="00:00:00.0000022" startTime="2025-10-23T17:31:47.0663604+01:00" endTime="2025-10-23T17:31:47.0663604+01:00" testType="13cdc9d9-ddb5-4fa4-a97d-d965ccfc6d4b" outcome="Passed" testListId="8c84fa94-04c1-424b-9868-57a2d4851a1d" relativeResultsDirectory="46cce390-2d77-4546-b689-779d67f4d62e" />
    <UnitTestResult executionId="b7d2f03b-8227-46e2-bef1-d6d94668f863" testId="06ff01cb-e81d-adb1-e3f1-c06e6b643611" testName="BioDesk.Tests.Validators.ProtocoloTerapeuticoValidatorTests.LimiteCorrenteMa_DentroDoRange_NaoDeveGerarErro(corrente: 50)" computerName="BIODESK" duration="00:00:00.0002726" startTime="2025-10-23T17:31:49.2167350+01:00" endTime="2025-10-23T17:31:49.2167351+01:00" testType="13cdc9d9-ddb5-4fa4-a97d-d965ccfc6d4b" outcome="Passed" testListId="8c84fa94-04c1-424b-9868-57a2d4851a1d" relativeResultsDirectory="b7d2f03b-8227-46e2-bef1-d6d94668f863" />
    <UnitTestResult executionId="8a484b8f-cc0c-4037-8d81-3d54e8b91163" testId="d030b9b4-ef35-f7f4-fbd4-d310d5aa4295" testName="BioDesk.Tests.Hardware.TiePie.Protocol.HS3CommandPresetsTests.Waveform_TriangleValue_Is0x02" computerName="BIODESK" duration="00:00:00.0000821" startTime="2025-10-23T17:31:47.0673653+01:00" endTime="2025-10-23T17:31:47.0673654+01:00" testType="13cdc9d9-ddb5-4fa4-a97d-d965ccfc6d4b" outcome="Passed" testListId="8c84fa94-04c1-424b-9868-57a2d4851a1d" relativeResultsDirectory="8a484b8f-cc0c-4037-8d81-3d54e8b91163" />
    <UnitTestResult executionId="5c16d87e-7c72-4fa0-9aaf-237c95da9244" testId="1767a68d-a4cc-e72d-d409-71208aea9581" testName="BioDesk.Tests.Hardware.TiePie.Protocol.HS3CommandBuilderTests.StartEmission_CreatesValidCommand" computerName="BIODESK" duration="00:00:00.0001295" startTime="2025-10-23T17:31:45.3369758+01:00" endTime="2025-10-23T17:31:45.3369759+01:00" testType="13cdc9d9-ddb5-4fa4-a97d-d965ccfc6d4b" outcome="Passed" testListId="8c84fa94-04c1-424b-9868-57a2d4851a1d" relativeResultsDirectory="5c16d87e-7c72-4fa0-9aaf-237c95da9244" />
    <UnitTestResult executionId="41b94550-dff2-4058-b24a-0e6946a49f95" testId="8343da34-1332-0f9e-2d78-7276e6eb1173" testName="BioDesk.Tests.Hardware.TiePie.Protocol.HS3CommandPresetsTests.SetFrequency_WithValidRange_ReturnsValidCommand(frequency: 1000000)" computerName="BIODESK" duration="00:00:00.0000062" startTime="2025-10-23T17:31:45.3367462+01:00" endTime="2025-10-23T17:31:45.3367463+01:00" testType="13cdc9d9-ddb5-4fa4-a97d-d965ccfc6d4b" outcome="Passed" testListId="8c84fa94-04c1-424b-9868-57a2d4851a1d" relativeResultsDirectory="41b94550-dff2-4058-b24a-0e6946a49f95" />
    <UnitTestResult executionId="1e9ac39d-0048-429b-8b9a-4eff01194788" testId="734119b5-09dc-5e43-11b4-95615993a51f" testName="BioDesk.Tests.Hardware.TiePie.Protocol.HS3CommandBuilderTests.Frequency_AtMaxBoundary_IsValid" computerName="BIODESK" duration="00:00:00.0001124" startTime="2025-10-23T17:31:45.3369013+01:00" endTime="2025-10-23T17:31:45.3369013+01:00" testType="13cdc9d9-ddb5-4fa4-a97d-d965ccfc6d4b" outcome="Passed" testListId="8c84fa94-04c1-424b-9868-57a2d4851a1d" relativeResultsDirectory="1e9ac39d-0048-429b-8b9a-4eff01194788" />
    <UnitTestResult executionId="aabebc76-f6b3-4f24-a033-a0df3f21f2ad" testId="52c6387d-39bc-ec5f-f360-dec6074061ea" testName="BioDesk.Tests.Hardware.TiePie.Protocol.HS3CommandBuilderTests.Amplitude_WithInvalidRange_ThrowsArgumentException(amplitude: -50)" computerName="BIODESK" duration="00:00:00.0000440" startTime="2025-10-23T17:31:45.3339116+01:00" endTime="2025-10-23T17:31:45.3339117+01:00" testType="13cdc9d9-ddb5-4fa4-a97d-d965ccfc6d4b" outcome="Passed" testListId="8c84fa94-04c1-424b-9868-57a2d4851a1d" relativeResultsDirectory="aabebc76-f6b3-4f24-a033-a0df3f21f2ad" />
    <UnitTestResult executionId="27474791-43ae-4048-a0a6-1358d9d894f9" testId="353502db-4831-4c20-b0e3-884405c41d54" testName="BioDesk.Tests.Services.DummyTiePieHardwareServiceTests.SendSignal_DiferentesConfiguracoes_RetornaTrue(channel: Channel1, frequencyHz: 987,60000000000002, voltageV: 1,5, waveform: Triangle)" computerName="BIODESK" duration="00:00:00.5153178" startTime="2025-10-23T17:31:54.5526427+01:00" endTime="2025-10-23T17:31:54.5526429+01:00" testType="13cdc9d9-ddb5-4fa4-a97d-d965ccfc6d4b" outcome="Passed" testListId="8c84fa94-04c1-424b-9868-57a2d4851a1d" relativeResultsDirectory="27474791-43ae-4048-a0a6-1358d9d894f9" />
    <UnitTestResult executionId="118aff95-911f-413f-a3b5-ab2015c7db5a" testId="b2805051-764f-0e3c-c8d1-af502ca663ec" testName="BioDesk.Tests.Validators.TerapiaFilaItemValidatorTests.Estado_Valido_NaoDeveGerarErro(estado: &quot;Parada&quot;)" computerName="BIODESK" duration="00:00:00.0001356" startTime="2025-10-23T17:31:44.0598365+01:00" endTime="2025-10-23T17:31:44.0598371+01:00" testType="13cdc9d9-ddb5-4fa4-a97d-d965ccfc6d4b" outcome="Passed" testListId="8c84fa94-04c1-424b-9868-57a2d4851a1d" relativeResultsDirectory="118aff95-911f-413f-a3b5-ab2015c7db5a" />
    <UnitTestResult executionId="d6901679-6ea2-4e8d-8ad7-3c89041b615c" testId="141e71ac-1633-514a-de37-5e4e8b7600c4" testName="BioDesk.Tests.Hardware.TiePie.Protocol.HS3CommandPresetsTests.StopEmission_AlwaysReturnsSameCommand" computerName="BIODESK" duration="00:00:00.0000991" startTime="2025-10-23T17:31:47.0700299+01:00" endTime="2025-10-23T17:31:47.0700300+01:00" testType="13cdc9d9-ddb5-4fa4-a97d-d965ccfc6d4b" outcome="Passed" testListId="8c84fa94-04c1-424b-9868-57a2d4851a1d" relativeResultsDirectory="d6901679-6ea2-4e8d-8ad7-3c89041b615c" />
    <UnitTestResult executionId="3c598d77-baf5-4b9a-849b-d760fb95c707" testId="4c808031-0d68-445a-ed50-e11e18b0cefe" testName="BioDesk.Tests.E2E.TerapiasBioenergeticasE2ETests.Test01_AlvoMelhoriaGlobal_DeveAtualizarFilaExistente" computerName="BIODESK" duration="00:00:00.0117981" startTime="2025-10-23T17:31:53.5141909+01:00" endTime="2025-10-23T17:31:53.5141910+01:00" testType="13cdc9d9-ddb5-4fa4-a97d-d965ccfc6d4b" outcome="Passed" testListId="8c84fa94-04c1-424b-9868-57a2d4851a1d" relativeResultsDirectory="3c598d77-baf5-4b9a-849b-d760fb95c707">
      <Output>
        <StdOut>✅ Setup E2E - Testes prontos&#xD;
\ud83e\uddea TEST 01: Slider AlvoMelhoriaGlobal deve atualizar fila existente&#xD;
✅ 4 protocolos de teste adicionados à BD&#xD;
[Warning] \ud83d\udd36 DummyTiePieHardwareService inicializado - MODO SIMULAÇÃO (sem hardware real)&#xD;
[Information] \ud83c\udfad DummyMedicaoService inicializado (modo simulação)&#xD;
[Information] \ud83d\udcc2 Carregando dados do módulo Terapias...&#xD;
[Information] ✅ 4 protocolos carregados&#xD;
[Information] \ud83d\udce1 GetStatus: Simulando hardware conectado&#xD;
[Information] ✅ TiePie conectado: TiePie Handyscope HS5 (DUMMY)&#xD;
[Information] \ud83c\udfaf Alvo global alterado para 80% - 3 protocolos atualizados&#xD;
✅ 3 protocolos atualizados para AlvoMelhoria = 80%&#xD;
\ud83e\uddf9 Cleanup E2E completo</StdOut>
      </Output>
    </UnitTestResult>
    <UnitTestResult executionId="52aaaa24-c2c2-4796-986b-3e4385c8213c" testId="3c081b4c-91dc-fdb5-1a84-9799a4313af7" testName="BioDesk.Tests.Hardware.TiePie.Protocol.HS3CommandPresetsTests.SetWaveformSine_ReturnsValidCommand" computerName="BIODESK" duration="00:00:00.0001756" startTime="2025-10-23T17:31:47.0698876+01:00" endTime="2025-10-23T17:31:47.0698877+01:00" testType="13cdc9d9-ddb5-4fa4-a97d-d965ccfc6d4b" outcome="Passed" testListId="8c84fa94-04c1-424b-9868-57a2d4851a1d" relativeResultsDirectory="52aaaa24-c2c2-4796-986b-3e4385c8213c" />
    <UnitTestResult executionId="e4e73c3d-36c1-46e9-9089-4b64480728b9" testId="64dc46c3-d06c-22c9-8d25-33785e49ea62" testName="BioDesk.Tests.Validators.TerapiaFilaItemValidatorTests.AlvoMelhoria_ForaDoRange_DeveGerarErro(alvo: 150)" computerName="BIODESK" duration="00:00:00.0001771" startTime="2025-10-23T17:31:44.0611168+01:00" endTime="2025-10-23T17:31:44.0611171+01:00" testType="13cdc9d9-ddb5-4fa4-a97d-d965ccfc6d4b" outcome="Passed" testListId="8c84fa94-04c1-424b-9868-57a2d4851a1d" relativeResultsDirectory="e4e73c3d-36c1-46e9-9089-4b64480728b9" />
    <UnitTestResult executionId="590b7f51-49d0-4304-8a38-3455087871f4" testId="74e2a76f-d136-8b76-097d-1b15620f3ff1" testName="BioDesk.Tests.Hardware.TiePie.Protocol.HS3CommandPresetsTests.StopEmission_ReturnsValidCommand" computerName="BIODESK" duration="00:00:00.0001357" startTime="2025-10-23T17:31:47.0696541+01:00" endTime="2025-10-23T17:31:47.0696542+01:00" testType="13cdc9d9-ddb5-4fa4-a97d-d965ccfc6d4b" outcome="Passed" testListId="8c84fa94-04c1-424b-9868-57a2d4851a1d" relativeResultsDirectory="590b7f51-49d0-4304-8a38-3455087871f4" />
    <UnitTestResult executionId="b24ab65a-1dbd-449f-8013-aad64c218945" testId="6b25157d-86db-c199-99c1-1ec300a12c59" testName="BioDesk.Tests.Hardware.TiePie.Protocol.HS3CommandPresetsTests.SetFrequency_WithValidRange_ReturnsValidCommand(frequency: 1000)" computerName="BIODESK" duration="00:00:00.0000101" startTime="2025-10-23T17:31:45.3364539+01:00" endTime="2025-10-23T17:31:45.3364539+01:00" testType="13cdc9d9-ddb5-4fa4-a97d-d965ccfc6d4b" outcome="Passed" testListId="8c84fa94-04c1-424b-9868-57a2d4851a1d" relativeResultsDirectory="b24ab65a-1dbd-449f-8013-aad64c218945" />
    <UnitTestResult executionId="6878c9aa-4a1b-401f-84e5-c3c69f5e259e" testId="c9638182-07ee-632a-e169-16fc7fc5c5fc" testName="BioDesk.Tests.Validators.ProtocoloTerapeuticoValidatorTests.LimiteCorrenteMa_ForaDoRange_DeveGerarErro(corrente: 0)" computerName="BIODESK" duration="00:00:00.0004195" startTime="2025-10-23T17:31:47.1480635+01:00" endTime="2025-10-23T17:31:47.1480636+01:00" testType="13cdc9d9-ddb5-4fa4-a97d-d965ccfc6d4b" outcome="Passed" testListId="8c84fa94-04c1-424b-9868-57a2d4851a1d" relativeResultsDirectory="6878c9aa-4a1b-401f-84e5-c3c69f5e259e" />
    <UnitTestResult executionId="e050e060-16f7-4fc1-899b-492a361f5955" testId="092aa973-0d87-6b3a-f9ff-8724a1103414" testName="BioDesk.Tests.Services.DummyTiePieHardwareServiceTests.SendSignal_DiferentesConfiguracoes_RetornaTrue(channel: Channel2, frequencyHz: 1600, voltageV: 2,5, waveform: Square)" computerName="BIODESK" duration="00:00:00.5182904" startTime="2025-10-23T17:31:54.0367427+01:00" endTime="2025-10-23T17:31:54.0367428+01:00" testType="13cdc9d9-ddb5-4fa4-a97d-d965ccfc6d4b" outcome="Passed" testListId="8c84fa94-04c1-424b-9868-57a2d4851a1d" relativeResultsDirectory="e050e060-16f7-4fc1-899b-492a361f5955" />
    <UnitTestResult executionId="ef6582bf-915b-48c0-a1f0-c5d496fc3e60" testId="09fa778c-8225-1cea-a987-65e4d3ecaf63" testName="BioDesk.Tests.Hardware.TiePie.Protocol.HS3CommandPresetsTests.SetFrequency_WithValidRange_ReturnsValidCommand(frequency: 528)" computerName="BIODESK" duration="00:00:00.0001866" startTime="2025-10-23T17:31:45.3363683+01:00" endTime="2025-10-23T17:31:45.3363684+01:00" testType="13cdc9d9-ddb5-4fa4-a97d-d965ccfc6d4b" outcome="Passed" testListId="8c84fa94-04c1-424b-9868-57a2d4851a1d" relativeResultsDirectory="ef6582bf-915b-48c0-a1f0-c5d496fc3e60" />
    <UnitTestResult executionId="fafd8b96-aac3-4efd-b20e-184dd9dbffeb" testId="48108d7c-bbee-7f12-9b9c-896535872291" testName="BioDesk.Tests.Hardware.TiePie.Protocol.HS3CommandPresetsTests.EmitFrequencyWithDurationSequence_FirstCommandIsSetDuration" computerName="BIODESK" duration="00:00:00.0001388" startTime="2025-10-23T17:31:47.0716246+01:00" endTime="2025-10-23T17:31:47.0716246+01:00" testType="13cdc9d9-ddb5-4fa4-a97d-d965ccfc6d4b" outcome="Passed" testListId="8c84fa94-04c1-424b-9868-57a2d4851a1d" relativeResultsDirectory="fafd8b96-aac3-4efd-b20e-184dd9dbffeb" />
    <UnitTestResult executionId="bce18b9b-0698-41a0-a235-5246c1240f41" testId="f56ed489-f80c-e228-1b7a-c39064af5527" testName="BioDesk.Tests.Hardware.TiePie.Protocol.HS3CommandBuilderTests.Amplitude_WithValidRange_Accepts(amplitude: 0)" computerName="BIODESK" duration="00:00:00.0001229" startTime="2025-10-23T17:31:45.3342342+01:00" endTime="2025-10-23T17:31:45.3342343+01:00" testType="13cdc9d9-ddb5-4fa4-a97d-d965ccfc6d4b" outcome="Passed" testListId="8c84fa94-04c1-424b-9868-57a2d4851a1d" relativeResultsDirectory="bce18b9b-0698-41a0-a235-5246c1240f41" />
    <UnitTestResult executionId="faab30d1-1a6b-42c0-97b4-4b8333abfba3" testId="59907a49-6502-da03-81d8-529eeb76dcd0" testName="BioDesk.Tests.Hardware.TiePie.Protocol.HS3CommandBuilderTests.Amplitude_WithValidRange_Accepts(amplitude: 100)" computerName="BIODESK" duration="00:00:00.0000053" startTime="2025-10-23T17:31:45.3345136+01:00" endTime="2025-10-23T17:31:45.3345137+01:00" testType="13cdc9d9-ddb5-4fa4-a97d-d965ccfc6d4b" outcome="Passed" testListId="8c84fa94-04c1-424b-9868-57a2d4851a1d" relativeResultsDirectory="faab30d1-1a6b-42c0-97b4-4b8333abfba3" />
    <UnitTestResult executionId="dc9f70c7-aec2-4756-9b37-ed6e2f271a53" testId="a23c7e32-17d9-2061-8541-88803b4cc546" testName="BioDesk.Tests.Validators.ProtocoloTerapeuticoValidatorTests.Modulacao_Invalida_DeveGerarErro(modulacao: &quot;PM&quot;)" computerName="BIODESK" duration="00:00:00.0005079" startTime="2025-10-23T17:31:47.1488584+01:00" endTime="2025-10-23T17:31:47.1488585+01:00" testType="13cdc9d9-ddb5-4fa4-a97d-d965ccfc6d4b" outcome="Passed" testListId="8c84fa94-04c1-424b-9868-57a2d4851a1d" relativeResultsDirectory="dc9f70c7-aec2-4756-9b37-ed6e2f271a53" />
    <UnitTestResult executionId="0deab214-8a1f-46b9-aad8-939cdea0d549" testId="daef28e8-ea17-2b24-5938-0ca62460aa5f" testName="BioDesk.Tests.Services.DummyTiePieHardwareServiceTests.SendSignal_ConfiguracaoValida_RetornaTrue" computerName="BIODESK" duration="00:00:01.0095237" startTime="2025-10-23T17:31:56.0829831+01:00" endTime="2025-10-23T17:31:56.0829833+01:00" testType="13cdc9d9-ddb5-4fa4-a97d-d965ccfc6d4b" outcome="Passed" testListId="8c84fa94-04c1-424b-9868-57a2d4851a1d" relativeResultsDirectory="0deab214-8a1f-46b9-aad8-939cdea0d549" />
    <UnitTestResult executionId="ba721b36-af0b-4478-accb-69e343c9a89a" testId="b139885f-088a-daab-ecb2-6a986aecc2c7" testName="BioDesk.Tests.Services.RngServiceTests.TestEntropySource_HardwareCrypto_RetornaTrue" computerName="BIODESK" duration="00:00:00.0014697" startTime="2025-10-23T17:31:50.9795956+01:00" endTime="2025-10-23T17:31:50.9795957+01:00" testType="13cdc9d9-ddb5-4fa4-a97d-d965ccfc6d4b" outcome="Passed" testListId="8c84fa94-04c1-424b-9868-57a2d4851a1d" relativeResultsDirectory="ba721b36-af0b-4478-accb-69e343c9a89a" />
    <UnitTestResult executionId="7c88fc9f-332f-4be5-a6d8-4508fc331e08" testId="593d565e-1016-13c1-5c92-030c717b8ca7" testName="BioDesk.Tests.Hardware.TiePie.Protocol.HS3CommandPresetsTests.SetWaveform_WithValidEnum_ReturnsValidCommand(waveform: Square)" computerName="BIODESK" duration="00:00:00.0001965" startTime="2025-10-23T17:31:47.0659577+01:00" endTime="2025-10-23T17:31:47.0659578+01:00" testType="13cdc9d9-ddb5-4fa4-a97d-d965ccfc6d4b" outcome="Passed" testListId="8c84fa94-04c1-424b-9868-57a2d4851a1d" relativeResultsDirectory="7c88fc9f-332f-4be5-a6d8-4508fc331e08" />
    <UnitTestResult executionId="57589606-b616-4acc-965a-423fcf3f5eeb" testId="81d44e4f-239c-3fa0-b460-b535524ce807" testName="BioDesk.Tests.Validators.ProtocoloTerapeuticoValidatorTests.Canal_Invalido_DeveGerarErro(canal: &quot;Invalid&quot;)" computerName="BIODESK" duration="00:00:00.0001852" startTime="2025-10-23T17:31:47.1557779+01:00" endTime="2025-10-23T17:31:47.1557780+01:00" testType="13cdc9d9-ddb5-4fa4-a97d-d965ccfc6d4b" outcome="Passed" testListId="8c84fa94-04c1-424b-9868-57a2d4851a1d" relativeResultsDirectory="57589606-b616-4acc-965a-423fcf3f5eeb" />
    <UnitTestResult executionId="b3a1d3a5-9b93-42bd-be44-f9cfa1a8ee1a" testId="e8407cbb-7478-8924-e751-dc7c2e7eac45" testName="BioDesk.Tests.Hardware.TiePie.Protocol.HS3CommandBuilderTests.Duration_WithValidRange_Accepts(duration: 128)" computerName="BIODESK" duration="00:00:00.0000059" startTime="2025-10-23T17:31:43.4481580+01:00" endTime="2025-10-23T17:31:43.4481593+01:00" testType="13cdc9d9-ddb5-4fa4-a97d-d965ccfc6d4b" outcome="Passed" testListId="8c84fa94-04c1-424b-9868-57a2d4851a1d" relativeResultsDirectory="b3a1d3a5-9b93-42bd-be44-f9cfa1a8ee1a" />
    <UnitTestResult executionId="94aff115-0b1e-4b57-9650-07ae2fe8d3dc" testId="66f4a1c0-4c8f-46d1-f995-825d57b4c74e" testName="BioDesk.Tests.Services.RngServiceTests.SelectRandomFrequencies_HardwareCrypto_RetornaFrequenciasValidas" computerName="BIODESK" duration="00:00:00.0113446" startTime="2025-10-23T17:31:51.0365097+01:00" endTime="2025-10-23T17:31:51.0365099+01:00" testType="13cdc9d9-ddb5-4fa4-a97d-d965ccfc6d4b" outcome="Passed" testListId="8c84fa94-04c1-424b-9868-57a2d4851a1d" relativeResultsDirectory="94aff115-0b1e-4b57-9650-07ae2fe8d3dc" />
    <UnitTestResult executionId="035070cc-809a-4ad8-9283-ddd5ac5d686f" testId="92ccd8b6-3163-b4d7-29d8-4fc134e554b7" testName="BioDesk.Tests.Hardware.TiePie.Protocol.HS3CommandBuilderTests.Frequency_WithValidRange_Accepts(frequency: 1000000)" computerName="BIODESK" duration="00:00:00.0001404" startTime="2025-10-23T17:31:45.3347138+01:00" endTime="2025-10-23T17:31:45.3347139+01:00" testType="13cdc9d9-ddb5-4fa4-a97d-d965ccfc6d4b" outcome="Passed" testListId="8c84fa94-04c1-424b-9868-57a2d4851a1d" relativeResultsDirectory="035070cc-809a-4ad8-9283-ddd5ac5d686f" />
    <UnitTestResult executionId="11126aed-9a06-4c1c-b570-c30dd8c0991b" testId="81ea9235-cf1d-bf88-87ab-7c4505466623" testName="BioDesk.Tests.Hardware.TiePie.Protocol.HS3CommandPresetsTests.EmitFrequencySequence_FourthCommandIsStartEmission" computerName="BIODESK" duration="00:00:00.0001194" startTime="2025-10-23T17:31:47.0712058+01:00" endTime="2025-10-23T17:31:47.0712059+01:00" testType="13cdc9d9-ddb5-4fa4-a97d-d965ccfc6d4b" outcome="Passed" testListId="8c84fa94-04c1-424b-9868-57a2d4851a1d" relativeResultsDirectory="11126aed-9a06-4c1c-b570-c30dd8c0991b" />
    <UnitTestResult executionId="a53aaaab-4ecc-4e60-8608-2ff3a543591d" testId="2a9b69d5-f764-ac53-25bc-c47f3b0e251e" testName="BioDesk.Tests.Hardware.TiePie.Protocol.HS3CommandPresetsTests.GetStatus_ReturnsValidCommand" computerName="BIODESK" duration="00:00:00.0001772" startTime="2025-10-23T17:31:47.0666506+01:00" endTime="2025-10-23T17:31:47.0666507+01:00" testType="13cdc9d9-ddb5-4fa4-a97d-d965ccfc6d4b" outcome="Passed" testListId="8c84fa94-04c1-424b-9868-57a2d4851a1d" relativeResultsDirectory="a53aaaab-4ecc-4e60-8608-2ff3a543591d" />
    <UnitTestResult executionId="3c2cda4e-3648-46a5-90e2-d75cd445fbe5" testId="939d08b1-2c3d-b92d-6a5a-5b44f7fd570a" testName="BioDesk.Tests.Services.DummyTiePieHardwareServiceTests.SendMultipleFrequencies_ArrayVazio_ThrowsArgumentException" computerName="BIODESK" duration="00:00:00.0020842" startTime="2025-10-23T17:31:58.1136666+01:00" endTime="2025-10-23T17:31:58.1136667+01:00" testType="13cdc9d9-ddb5-4fa4-a97d-d965ccfc6d4b" outcome="Passed" testListId="8c84fa94-04c1-424b-9868-57a2d4851a1d" relativeResultsDirectory="3c2cda4e-3648-46a5-90e2-d75cd445fbe5" />
    <UnitTestResult executionId="723bf695-5404-4689-b4a1-ef9ab4da12e2" testId="251f0a7f-bb69-1bac-b771-ac41c6791036" testName="BioDesk.Tests.Hardware.TiePie.Protocol.HS3CommandPresetsTests.GetError_ReturnsValidCommand" computerName="BIODESK" duration="00:00:00.0002161" startTime="2025-10-23T17:31:47.0707071+01:00" endTime="2025-10-23T17:31:47.0707072+01:00" testType="13cdc9d9-ddb5-4fa4-a97d-d965ccfc6d4b" outcome="Passed" testListId="8c84fa94-04c1-424b-9868-57a2d4851a1d" relativeResultsDirectory="723bf695-5404-4689-b4a1-ef9ab4da12e2" />
    <UnitTestResult executionId="36f26cd9-e4f9-41b0-b530-dc1077850a4e" testId="b55c68c0-670a-7c4c-daeb-a63f7f708814" testName="BioDesk.Tests.Hardware.TiePie.Protocol.HS3CommandPresetsTests.GetVersion_ReturnsValidCommand" computerName="BIODESK" duration="00:00:00.0002703" startTime="2025-10-23T17:31:47.0691537+01:00" endTime="2025-10-23T17:31:47.0691538+01:00" testType="13cdc9d9-ddb5-4fa4-a97d-d965ccfc6d4b" outcome="Passed" testListId="8c84fa94-04c1-424b-9868-57a2d4851a1d" relativeResultsDirectory="36f26cd9-e4f9-41b0-b530-dc1077850a4e" />
    <UnitTestResult executionId="543a2790-c443-424c-8380-4325d0624c22" testId="7959ded4-1128-3bf4-ee47-26e4bca8328a" testName="BioDesk.Tests.Hardware.TiePie.Protocol.HS3CommandPresetsTests.SetFrequency_WithInvalidRange_ThrowsException(frequency: -100)" computerName="BIODESK" duration="00:00:00.0003626" startTime="2025-10-23T17:31:45.3375464+01:00" endTime="2025-10-23T17:31:45.3375465+01:00" testType="13cdc9d9-ddb5-4fa4-a97d-d965ccfc6d4b" outcome="Passed" testListId="8c84fa94-04c1-424b-9868-57a2d4851a1d" relativeResultsDirectory="543a2790-c443-424c-8380-4325d0624c22" />
    <UnitTestResult executionId="daf862b7-3e39-4a6c-a279-4cb5bec56520" testId="8694b9a4-5f17-e244-0ad1-e4a1e7139c34" testName="BioDesk.Tests.Validators.ProtocoloTerapeuticoValidatorTests.AmplitudeV_ForaDoRange_DeveGerarErro(amplitude: 0)" computerName="BIODESK" duration="00:00:00.0003131" startTime="2025-10-23T17:31:49.2185798+01:00" endTime="2025-10-23T17:31:49.2185799+01:00" testType="13cdc9d9-ddb5-4fa4-a97d-d965ccfc6d4b" outcome="Passed" testListId="8c84fa94-04c1-424b-9868-57a2d4851a1d" relativeResultsDirectory="daf862b7-3e39-4a6c-a279-4cb5bec56520" />
    <UnitTestResult executionId="8ca69d42-9e06-45ee-a7cb-1d72c2e4a91d" testId="7318767f-985b-dcaf-b8d0-e05af1695f39" testName="BioDesk.Tests.Hardware.TiePie.Protocol.HS3CommandPresetsTests.Waveform_SineValue_Is0x00" computerName="BIODESK" duration="00:00:00.0001036" startTime="2025-10-23T17:31:45.3350019+01:00" endTime="2025-10-23T17:31:45.3350020+01:00" testType="13cdc9d9-ddb5-4fa4-a97d-d965ccfc6d4b" outcome="Passed" testListId="8c84fa94-04c1-424b-9868-57a2d4851a1d" relativeResultsDirectory="8ca69d42-9e06-45ee-a7cb-1d72c2e4a91d" />
    <UnitTestResult executionId="feda98a2-e619-4a2d-801b-4d6b506f643b" testId="6b0ea78d-c1f3-0b07-8493-961cffa92347" testName="BioDesk.Tests.Hardware.TiePie.Protocol.HS3CommandPresetsTests.EmitFrequencySequence_FirstCommandIsSetFrequency" computerName="BIODESK" duration="00:00:00.0001756" startTime="2025-10-23T17:31:47.0709091+01:00" endTime="2025-10-23T17:31:47.0709092+01:00" testType="13cdc9d9-ddb5-4fa4-a97d-d965ccfc6d4b" outcome="Passed" testListId="8c84fa94-04c1-424b-9868-57a2d4851a1d" relativeResultsDirectory="feda98a2-e619-4a2d-801b-4d6b506f643b" />
    <UnitTestResult executionId="f129b469-911e-4423-a672-9e27323977bd" testId="2208e487-ffff-138d-9b26-a5be921490a7" testName="BioDesk.Tests.Services.RngServiceTests.TestEntropySource_PseudoRandom_RetornaTrue" computerName="BIODESK" duration="00:00:00.0050148" startTime="2025-10-23T17:31:50.9780642+01:00" endTime="2025-10-23T17:31:50.9780643+01:00" testType="13cdc9d9-ddb5-4fa4-a97d-d965ccfc6d4b" outcome="Passed" testListId="8c84fa94-04c1-424b-9868-57a2d4851a1d" relativeResultsDirectory="f129b469-911e-4423-a672-9e27323977bd" />
    <UnitTestResult executionId="06fe241d-ccc4-46db-b122-3a06e1393735" testId="733f33cf-2544-0321-8bdb-6692a14fdf77" testName="BioDesk.Tests.Validators.ProtocoloTerapeuticoValidatorTests.Canal_Valido_NaoDeveGerarErro(canal: &quot;both&quot;)" computerName="BIODESK" duration="00:00:00.0001076" startTime="2025-10-23T17:31:49.2160299+01:00" endTime="2025-10-23T17:31:49.2160300+01:00" testType="13cdc9d9-ddb5-4fa4-a97d-d965ccfc6d4b" outcome="Passed" testListId="8c84fa94-04c1-424b-9868-57a2d4851a1d" relativeResultsDirectory="06fe241d-ccc4-46db-b122-3a06e1393735" />
    <UnitTestResult executionId="50eeb9c4-f533-4074-9df5-f730914044db" testId="ba7ebd2d-a705-e9a9-4e87-8f4d4e44e014" testName="BioDesk.Tests.Validators.TerapiaFilaItemValidatorTests.ValuePercent_ForaDoRange_DeveGerarErro(value: 200)" computerName="BIODESK" duration="00:00:00.0004744" startTime="2025-10-23T17:31:44.0660645+01:00" endTime="2025-10-23T17:31:44.0660647+01:00" testType="13cdc9d9-ddb5-4fa4-a97d-d965ccfc6d4b" outcome="Passed" testListId="8c84fa94-04c1-424b-9868-57a2d4851a1d" relativeResultsDirectory="50eeb9c4-f533-4074-9df5-f730914044db" />
    <UnitTestResult executionId="25ae257c-c0c5-48c9-b7c6-fba66cec3b3a" testId="5ad25c04-7e70-0bd9-9154-cd859b8aa6cc" testName="BioDesk.Tests.Validators.ProtocoloTerapeuticoValidatorTests.LimiteCorrenteMa_ForaDoRange_DeveGerarErro(corrente: 50,100000000000001)" computerName="BIODESK" duration="00:00:00.0001923" startTime="2025-10-23T17:31:47.1482871+01:00" endTime="2025-10-23T17:31:47.1482872+01:00" testType="13cdc9d9-ddb5-4fa4-a97d-d965ccfc6d4b" outcome="Passed" testListId="8c84fa94-04c1-424b-9868-57a2d4851a1d" relativeResultsDirectory="25ae257c-c0c5-48c9-b7c6-fba66cec3b3a" />
    <UnitTestResult executionId="eec838ac-fc7a-4ee4-b0ed-3fedee9a8f8a" testId="36cb114d-7b1c-45c5-f7a9-daa5f9010a71" testName="BioDesk.Tests.Validators.TerapiaFilaItemValidatorTests.DuracaoSegundos_Positiva_NaoDeveGerarErro(duracao: 60)" computerName="BIODESK" duration="00:00:00.0005161" startTime="2025-10-23T17:31:44.0479980+01:00" endTime="2025-10-23T17:31:44.0479982+01:00" testType="13cdc9d9-ddb5-4fa4-a97d-d965ccfc6d4b" outcome="Passed" testListId="8c84fa94-04c1-424b-9868-57a2d4851a1d" relativeResultsDirectory="eec838ac-fc7a-4ee4-b0ed-3fedee9a8f8a" />
    <UnitTestResult executionId="4e8accc2-9a78-4492-92dd-c1c02203a08a" testId="880e965c-8a70-4ec8-ca45-3d309c8cc33b" testName="BioDesk.Tests.Validators.TerapiaFilaItemValidatorTests.Nome_DeveSerObrigatorio" computerName="BIODESK" duration="00:00:00.0006085" startTime="2025-10-23T17:31:44.0853915+01:00" endTime="2025-10-23T17:31:44.0853917+01:00" testType="13cdc9d9-ddb5-4fa4-a97d-d965ccfc6d4b" outcome="Passed" testListId="8c84fa94-04c1-424b-9868-57a2d4851a1d" relativeResultsDirectory="4e8accc2-9a78-4492-92dd-c1c02203a08a" />
    <UnitTestResult executionId="9a31e955-ae84-49e5-b227-54aa568c61de" testId="535dd7bd-1e0a-75d3-fe06-a02c68303201" testName="BioDesk.Tests.E2E.TerapiasBioenergeticasE2ETests.Test05_CanIniciarSessao_DeveDependerDeFila" computerName="BIODESK" duration="00:00:00.0021777" startTime="2025-10-23T17:31:55.2928466+01:00" endTime="2025-10-23T17:31:55.2928467+01:00" testType="13cdc9d9-ddb5-4fa4-a97d-d965ccfc6d4b" outcome="Passed" testListId="8c84fa94-04c1-424b-9868-57a2d4851a1d" relativeResultsDirectory="9a31e955-ae84-49e5-b227-54aa568c61de">
      <Output>
        <StdOut>✅ Setup E2E - Testes prontos&#xD;
\ud83e\uddea TEST 05: CanIniciarSessao deve requerer fila não vazia&#xD;
✅ 4 protocolos de teste adicionados à BD&#xD;
[Warning] \ud83d\udd36 DummyTiePieHardwareService inicializado - MODO SIMULAÇÃO (sem hardware real)&#xD;
[Information] \ud83c\udfad DummyMedicaoService inicializado (modo simulação)&#xD;
[Information] \ud83d\udcc2 Carregando dados do módulo Terapias...&#xD;
[Information] ✅ 4 protocolos carregados&#xD;
[Information] \ud83d\udce1 GetStatus: Simulando hardware conectado&#xD;
[Information] ✅ TiePie conectado: TiePie Handyscope HS5 (DUMMY)&#xD;
✅ CanIniciarSessao funciona corretamente&#xD;
\ud83e\uddf9 Cleanup E2E completo</StdOut>
      </Output>
    </UnitTestResult>
    <UnitTestResult executionId="f69f12c0-a9ec-4596-920c-3da404e9fdf5" testId="2525c996-15f9-8a85-c084-5d0b867e3035" testName="BioDesk.Tests.Validators.TerapiaFilaItemValidatorTests.Estado_Valido_NaoDeveGerarErro(estado: &quot;Concluída&quot;)" computerName="BIODESK" duration="00:00:00.0001990" startTime="2025-10-23T17:31:44.0590897+01:00" endTime="2025-10-23T17:31:44.0590898+01:00" testType="13cdc9d9-ddb5-4fa4-a97d-d965ccfc6d4b" outcome="Passed" testListId="8c84fa94-04c1-424b-9868-57a2d4851a1d" relativeResultsDirectory="f69f12c0-a9ec-4596-920c-3da404e9fdf5" />
    <UnitTestResult executionId="cff34175-98a8-4b66-82f4-2d071da5a018" testId="16824661-cae0-fef5-0144-4847c172db8b" testName="BioDesk.Tests.Hardware.TiePie.Protocol.HS3CommandBuilderTests.SetAmplitude_CreatesValidCommand" computerName="BIODESK" duration="00:00:00.0002639" startTime="2025-10-23T17:31:45.3301678+01:00" endTime="2025-10-23T17:31:45.3301679+01:00" testType="13cdc9d9-ddb5-4fa4-a97d-d965ccfc6d4b" outcome="Passed" testListId="8c84fa94-04c1-424b-9868-57a2d4851a1d" relativeResultsDirectory="cff34175-98a8-4b66-82f4-2d071da5a018" />
    <UnitTestResult executionId="89e0cd8c-e742-4467-948e-3e4101f1eb4c" testId="3d295444-c0d9-7135-3c7d-5fba9d45b587" testName="BioDesk.Tests.Hardware.TiePie.Protocol.HS3ProtocolTests.Test_TimingValidation_BulkTransfer64Bytes" computerName="BIODESK" duration="00:00:00.0010000" startTime="2025-10-23T17:31:37.3826839+01:00" endTime="2025-10-23T17:31:37.3826839+01:00" testType="13cdc9d9-ddb5-4fa4-a97d-d965ccfc6d4b" outcome="NotExecuted" testListId="8c84fa94-04c1-424b-9868-57a2d4851a1d" relativeResultsDirectory="89e0cd8c-e742-4467-948e-3e4101f1eb4c">
      <Output>
        <ErrorInfo>
          <Message>Requires physical TiePie HS3 hardware connected via USB</Message>
        </ErrorInfo>
      </Output>
    </UnitTestResult>
    <UnitTestResult executionId="233b07cb-69f5-4198-8bda-3e1e9d337588" testId="4cdcea82-a535-ea1d-9cc6-c207ba7a59ea" testName="BioDesk.Tests.Hardware.TiePie.Protocol.HS3CommandBuilderTests.Amplitude_WithInvalidRange_ThrowsArgumentException(amplitude: 100,09999999999999)" computerName="BIODESK" duration="00:00:00.0000426" startTime="2025-10-23T17:31:45.3338693+01:00" endTime="2025-10-23T17:31:45.3338694+01:00" testType="13cdc9d9-ddb5-4fa4-a97d-d965ccfc6d4b" outcome="Passed" testListId="8c84fa94-04c1-424b-9868-57a2d4851a1d" relativeResultsDirectory="233b07cb-69f5-4198-8bda-3e1e9d337588" />
    <UnitTestResult executionId="53361629-95b0-4de0-9023-62f26d87cb89" testId="427d870e-9d5c-c142-31ef-7c1f54206a7c" testName="BioDesk.Tests.Hardware.TiePie.Protocol.HS3CommandBuilderTests.Frequency_JustAboveMaxBoundary_ThrowsException" computerName="BIODESK" duration="00:00:00.0002794" startTime="2025-10-23T17:31:45.3433383+01:00" endTime="2025-10-23T17:31:45.3433385+01:00" testType="13cdc9d9-ddb5-4fa4-a97d-d965ccfc6d4b" outcome="Passed" testListId="8c84fa94-04c1-424b-9868-57a2d4851a1d" relativeResultsDirectory="53361629-95b0-4de0-9023-62f26d87cb89" />
    <UnitTestResult executionId="2482a79d-8f11-4b95-bf0a-54a071d1346b" testId="d389c569-3eb6-1715-7524-ab12e24f269e" testName="BioDesk.Tests.Services.DummyTiePieHardwareServiceTests.SendMultipleFrequencies_ArrayNull_ThrowsArgumentException" computerName="BIODESK" duration="00:00:00.0023527" startTime="2025-10-23T17:31:56.0854130+01:00" endTime="2025-10-23T17:31:56.0854132+01:00" testType="13cdc9d9-ddb5-4fa4-a97d-d965ccfc6d4b" outcome="Passed" testListId="8c84fa94-04c1-424b-9868-57a2d4851a1d" relativeResultsDirectory="2482a79d-8f11-4b95-bf0a-54a071d1346b" />
    <UnitTestResult executionId="8e338101-bcc8-495e-8b27-59794d0b89a5" testId="8579135c-c5fa-c027-2b8e-1371b30135b6" testName="BioDesk.Tests.Hardware.TiePie.Protocol.HS3CommandPresetsTests.SetDuration_WithValidRange_ReturnsValidCommand(duration: 30)" computerName="BIODESK" duration="00:00:00.0000082" startTime="2025-10-23T17:31:45.3385687+01:00" endTime="2025-10-23T17:31:45.3385688+01:00" testType="13cdc9d9-ddb5-4fa4-a97d-d965ccfc6d4b" outcome="Passed" testListId="8c84fa94-04c1-424b-9868-57a2d4851a1d" relativeResultsDirectory="8e338101-bcc8-495e-8b27-59794d0b89a5" />
    <UnitTestResult executionId="b6d309dc-cbc4-4f65-b375-36d10b794f38" testId="f89d9505-36f8-a801-0ed1-5dc3ea03ca0b" testName="BioDesk.Tests.Hardware.TiePie.Protocol.HS3CommandPresetsTests.SetFrequency_WithValidRange_ReturnsValidCommand(frequency: 100)" computerName="BIODESK" duration="00:00:00.0000046" startTime="2025-10-23T17:31:45.3368550+01:00" endTime="2025-10-23T17:31:45.3368551+01:00" testType="13cdc9d9-ddb5-4fa4-a97d-d965ccfc6d4b" outcome="Passed" testListId="8c84fa94-04c1-424b-9868-57a2d4851a1d" relativeResultsDirectory="b6d309dc-cbc4-4f65-b375-36d10b794f38" />
    <UnitTestResult executionId="0ec8970f-0080-4564-b017-0e4951387d5b" testId="ad0be749-31a4-0e43-8098-96b3bbcc3c08" testName="BioDesk.Tests.Hardware.TiePie.Protocol.HS3CommandBuilderTests.Frequency_AtMinBoundary_IsValid" computerName="BIODESK" duration="00:00:00.0001192" startTime="2025-10-23T17:31:45.3320066+01:00" endTime="2025-10-23T17:31:45.3320067+01:00" testType="13cdc9d9-ddb5-4fa4-a97d-d965ccfc6d4b" outcome="Passed" testListId="8c84fa94-04c1-424b-9868-57a2d4851a1d" relativeResultsDirectory="0ec8970f-0080-4564-b017-0e4951387d5b" />
    <UnitTestResult executionId="3b2ead72-1e55-4bee-ac1a-25b815371861" testId="17118b17-9da6-3f68-bf3a-a323adf662f0" testName="BioDesk.Tests.Hardware.TiePie.Protocol.HS3ProtocolTests.Test_SendCommand_ReadWritePattern" computerName="BIODESK" duration="00:00:00.0010000" startTime="2025-10-23T17:31:37.3826063+01:00" endTime="2025-10-23T17:31:37.3826064+01:00" testType="13cdc9d9-ddb5-4fa4-a97d-d965ccfc6d4b" outcome="NotExecuted" testListId="8c84fa94-04c1-424b-9868-57a2d4851a1d" relativeResultsDirectory="3b2ead72-1e55-4bee-ac1a-25b815371861">
      <Output>
        <ErrorInfo>
          <Message>Requires physical TiePie HS3 hardware connected via USB</Message>
        </ErrorInfo>
      </Output>
    </UnitTestResult>
    <UnitTestResult executionId="96e3b8be-db77-47bd-aa8b-b709131df64b" testId="8a73d0dd-bc25-d1bb-b3a0-b5f6df501284" testName="BioDesk.Tests.E2E.TerapiasBioenergeticasE2ETests.Test04_RemoveFromQueue_DeveReordenar" computerName="BIODESK" duration="00:00:16.0890855" startTime="2025-10-23T17:31:53.4559756+01:00" endTime="2025-10-23T17:31:53.4559757+01:00" testType="13cdc9d9-ddb5-4fa4-a97d-d965ccfc6d4b" outcome="Passed" testListId="8c84fa94-04c1-424b-9868-57a2d4851a1d" relativeResultsDirectory="96e3b8be-db77-47bd-aa8b-b709131df64b">
      <Output>
        <StdOut>✅ Setup E2E - Testes prontos&#xD;
\ud83e\uddea TEST 04: RemoveFromQueue deve reordenar (1-based)&#xD;
✅ 4 protocolos de teste adicionados à BD&#xD;
[Warning] \ud83d\udd36 DummyTiePieHardwareService inicializado - MODO SIMULAÇÃO (sem hardware real)&#xD;
[Information] \ud83c\udfad DummyMedicaoService inicializado (modo simulação)&#xD;
[Information] \ud83d\udcc2 Carregando dados do módulo Terapias...&#xD;
[Information] ✅ 4 protocolos carregados&#xD;
[Information] \ud83d\udce1 GetStatus: Simulando hardware conectado&#xD;
[Information] ✅ TiePie conectado: TiePie Handyscope HS5 (DUMMY)&#xD;
[Information] \ud83d\uddd1️ Protocolo 'Protocolo B' removido da fila&#xD;
✅ Reordenação correta: Protocolo A (Ordem 1), Protocolo C (Ordem 2)&#xD;
\ud83e\uddf9 Cleanup E2E completo</StdOut>
      </Output>
    </UnitTestResult>
    <UnitTestResult executionId="18bf74f5-2b6e-439a-b659-4665d5a4788b" testId="30d885e0-721a-adbb-1020-7b01e02e7a9c" testName="BioDesk.Tests.Hardware.TiePie.Protocol.HS3CommandBuilderTests.Duration_WithInvalidRange_ThrowsArgumentException(duration: -1)" computerName="BIODESK" duration="00:00:00.0000472" startTime="2025-10-23T17:31:45.3311351+01:00" endTime="2025-10-23T17:31:45.3311352+01:00" testType="13cdc9d9-ddb5-4fa4-a97d-d965ccfc6d4b" outcome="Passed" testListId="8c84fa94-04c1-424b-9868-57a2d4851a1d" relativeResultsDirectory="18bf74f5-2b6e-439a-b659-4665d5a4788b" />
    <UnitTestResult executionId="c1f3c19c-e098-4006-ae27-4cf57c4d5a86" testId="cb8bc863-d05f-a49a-559e-69b9d019950c" testName="BioDesk.Tests.Hardware.TiePie.Protocol.HS3CommandPresetsTests.OpCode_SetWaveform_Is0x44" computerName="BIODESK" duration="00:00:00.0000904" startTime="2025-10-23T17:31:47.0692771+01:00" endTime="2025-10-23T17:31:47.0692772+01:00" testType="13cdc9d9-ddb5-4fa4-a97d-d965ccfc6d4b" outcome="Passed" testListId="8c84fa94-04c1-424b-9868-57a2d4851a1d" relativeResultsDirectory="c1f3c19c-e098-4006-ae27-4cf57c4d5a86" />
    <UnitTestResult executionId="54adaec5-467b-4d91-bba6-1bb68846ad87" testId="396b0839-8f6d-8984-0059-813f855aaa26" testName="BioDesk.Tests.Hardware.TiePie.Protocol.HS3CommandPresetsTests.SetFrequency_WithValidRange_ReturnsValidCommand(frequency: 10)" computerName="BIODESK" duration="00:00:00.0001542" startTime="2025-10-23T17:31:45.3361391+01:00" endTime="2025-10-23T17:31:45.3361391+01:00" testType="13cdc9d9-ddb5-4fa4-a97d-d965ccfc6d4b" outcome="Passed" testListId="8c84fa94-04c1-424b-9868-57a2d4851a1d" relativeResultsDirectory="54adaec5-467b-4d91-bba6-1bb68846ad87" />
    <UnitTestResult executionId="8c6fa018-48c3-4d00-a2dd-5a148402ba9f" testId="863c4761-8e10-6da5-aa89-c088671d215d" testName="BioDesk.Tests.Services.DummyTiePieHardwareServiceTests.StopAllChannels_ExecutaSemErros" computerName="BIODESK" duration="00:00:00.0023649" startTime="2025-10-23T17:31:53.0052924+01:00" endTime="2025-10-23T17:31:53.0052926+01:00" testType="13cdc9d9-ddb5-4fa4-a97d-d965ccfc6d4b" outcome="Passed" testListId="8c84fa94-04c1-424b-9868-57a2d4851a1d" relativeResultsDirectory="8c6fa018-48c3-4d00-a2dd-5a148402ba9f" />
    <UnitTestResult executionId="731e2377-c50a-48f6-a78d-772965adc06d" testId="a2e615fd-78da-b04c-0c01-faff7de994b2" testName="BioDesk.Tests.Hardware.TiePie.Protocol.HS3ProtocolTests.Test_StressTest_1000Operations" computerName="BIODESK" duration="00:00:00.0010000" startTime="2025-10-23T17:31:37.3741466+01:00" endTime="2025-10-23T17:31:37.3741586+01:00" testType="13cdc9d9-ddb5-4fa4-a97d-d965ccfc6d4b" outcome="NotExecuted" testListId="8c84fa94-04c1-424b-9868-57a2d4851a1d" relativeResultsDirectory="731e2377-c50a-48f6-a78d-772965adc06d">
      <Output>
        <ErrorInfo>
          <Message>Requires physical TiePie HS3 hardware connected via USB - LONG RUNNING TEST (~5s)</Message>
        </ErrorInfo>
      </Output>
    </UnitTestResult>
    <UnitTestResult executionId="e9f85ee7-6242-4a0d-8010-a914afb9c604" testId="8bdcceac-11eb-1e61-9176-ab9f70c63d70" testName="BioDesk.Tests.Hardware.TiePie.Protocol.HS3CommandBuilderTests.OpCode_WithMaxByte_IsValid" computerName="BIODESK" duration="00:00:00.0001499" startTime="2025-10-23T17:31:45.3360198+01:00" endTime="2025-10-23T17:31:45.3360200+01:00" testType="13cdc9d9-ddb5-4fa4-a97d-d965ccfc6d4b" outcome="Passed" testListId="8c84fa94-04c1-424b-9868-57a2d4851a1d" relativeResultsDirectory="e9f85ee7-6242-4a0d-8010-a914afb9c604" />
    <UnitTestResult executionId="2f940419-8eda-43d3-83bc-e0c2a61b1c3b" testId="1a0ef366-9089-3fc9-713f-f3afbbc76b4e" testName="BioDesk.Tests.Validators.TerapiaFilaItemValidatorTests.ProtocoloId_Valido_NaoDeveGerarErro" computerName="BIODESK" duration="00:00:00.0107168" startTime="2025-10-23T17:31:44.0846127+01:00" endTime="2025-10-23T17:31:44.0846130+01:00" testType="13cdc9d9-ddb5-4fa4-a97d-d965ccfc6d4b" outcome="Passed" testListId="8c84fa94-04c1-424b-9868-57a2d4851a1d" relativeResultsDirectory="2f940419-8eda-43d3-83bc-e0c2a61b1c3b" />
    <UnitTestResult executionId="725fea90-f5ba-40b2-8287-10f8ebc617ef" testId="618f825d-f436-c375-a8b9-52b3cffa3434" testName="BioDesk.Tests.Hardware.TiePie.Protocol.HS3CommandBuilderTests.Frequency_WithInvalidRange_ThrowsArgumentException(frequency: 1000001)" computerName="BIODESK" duration="00:00:00.0000328" startTime="2025-10-23T17:31:43.4479945+01:00" endTime="2025-10-23T17:31:43.4479945+01:00" testType="13cdc9d9-ddb5-4fa4-a97d-d965ccfc6d4b" outcome="Passed" testListId="8c84fa94-04c1-424b-9868-57a2d4851a1d" relativeResultsDirectory="725fea90-f5ba-40b2-8287-10f8ebc617ef" />
    <UnitTestResult executionId="e2ad59c5-19f7-4681-be32-9f6b42aff920" testId="f4b0d19b-452c-c550-ac15-c97c693b5d5c" testName="BioDesk.Tests.Hardware.TiePie.Protocol.HS3CommandPresetsTests.SetAmplitude_WithValidRange_ReturnsValidCommand(amplitude: 100)" computerName="BIODESK" duration="00:00:00.0000044" startTime="2025-10-23T17:31:45.3374346+01:00" endTime="2025-10-23T17:31:45.3374347+01:00" testType="13cdc9d9-ddb5-4fa4-a97d-d965ccfc6d4b" outcome="Passed" testListId="8c84fa94-04c1-424b-9868-57a2d4851a1d" relativeResultsDirectory="e2ad59c5-19f7-4681-be32-9f6b42aff920" />
    <UnitTestResult executionId="b8b2e8cf-29c8-4340-85b0-02c88b34c63e" testId="76c56e0d-3963-4997-8aad-89f40ccd2929" testName="BioDesk.Tests.Validators.TerapiaFilaItemValidatorTests.Ordem_DeveSerMaiorQueZero(ordem: -1)" computerName="BIODESK" duration="00:00:00.0003808" startTime="2025-10-23T17:31:44.0698165+01:00" endTime="2025-10-23T17:31:44.0698167+01:00" testType="13cdc9d9-ddb5-4fa4-a97d-d965ccfc6d4b" outcome="Passed" testListId="8c84fa94-04c1-424b-9868-57a2d4851a1d" relativeResultsDirectory="b8b2e8cf-29c8-4340-85b0-02c88b34c63e" />
    <UnitTestResult executionId="5b965e2c-9699-4d64-946c-276e085e2fbe" testId="b5077030-8328-2896-4759-e2cf9f52180c" testName="BioDesk.Tests.Validators.ProtocoloTerapeuticoValidatorTests.DuracaoMinPorFrequencia_ForaDoRange_DeveGerarErro(duracao: -1)" computerName="BIODESK" duration="00:00:00.0002046" startTime="2025-10-23T17:31:47.1511060+01:00" endTime="2025-10-23T17:31:47.1511061+01:00" testType="13cdc9d9-ddb5-4fa4-a97d-d965ccfc6d4b" outcome="Passed" testListId="8c84fa94-04c1-424b-9868-57a2d4851a1d" relativeResultsDirectory="5b965e2c-9699-4d64-946c-276e085e2fbe" />
    <UnitTestResult executionId="4d438cf6-1a43-4592-8414-51f598ae597f" testId="1b411cbb-b252-cb16-35ea-36ff26ba5405" testName="BioDesk.Tests.Validators.TerapiaFilaItemValidatorTests.Ordem_DeveSerMaiorQueZero(ordem: 0)" computerName="BIODESK" duration="00:00:00.0006305" startTime="2025-10-23T17:31:44.0693569+01:00" endTime="2025-10-23T17:31:44.0693571+01:00" testType="13cdc9d9-ddb5-4fa4-a97d-d965ccfc6d4b" outcome="Passed" testListId="8c84fa94-04c1-424b-9868-57a2d4851a1d" relativeResultsDirectory="4d438cf6-1a43-4592-8414-51f598ae597f" />
    <UnitTestResult executionId="c05c13aa-a312-4845-bfa4-cc2cb3e3b595" testId="bef50f42-9263-1d1d-90a1-ab1441aae17d" testName="BioDesk.Tests.Hardware.TiePie.Protocol.HS3CommandPresetsTests.OpCode_SetFrequency_Is0x40" computerName="BIODESK" duration="00:00:00.0000889" startTime="2025-10-23T17:31:47.0679300+01:00" endTime="2025-10-23T17:31:47.0679301+01:00" testType="13cdc9d9-ddb5-4fa4-a97d-d965ccfc6d4b" outcome="Passed" testListId="8c84fa94-04c1-424b-9868-57a2d4851a1d" relativeResultsDirectory="c05c13aa-a312-4845-bfa4-cc2cb3e3b595" />
    <UnitTestResult executionId="62ddb7b0-28d6-4c2b-bebb-4e85f33d25b4" testId="2957da54-a485-f01b-408d-0b700659f4d7" testName="BioDesk.Tests.Validators.ProtocoloTerapeuticoValidatorTests.AmplitudeV_DentroDoRange_NaoDeveGerarErro(amplitude: 10)" computerName="BIODESK" duration="00:00:00.0003749" startTime="2025-10-23T17:31:47.1583387+01:00" endTime="2025-10-23T17:31:47.1583388+01:00" testType="13cdc9d9-ddb5-4fa4-a97d-d965ccfc6d4b" outcome="Passed" testListId="8c84fa94-04c1-424b-9868-57a2d4851a1d" relativeResultsDirectory="62ddb7b0-28d6-4c2b-bebb-4e85f33d25b4" />
    <UnitTestResult executionId="6717c862-24b4-46e6-b0e4-f5758881f4d1" testId="163b7f1f-5076-619f-9405-6baf26a7d939" testName="BioDesk.Tests.Validators.TerapiaFilaItemValidatorTests.ImprovementPercent_ForaDoRange_DeveGerarErro(improvement: 201)" computerName="BIODESK" duration="00:00:00.0001828" startTime="2025-10-23T17:31:44.0538573+01:00" endTime="2025-10-23T17:31:44.0538575+01:00" testType="13cdc9d9-ddb5-4fa4-a97d-d965ccfc6d4b" outcome="Passed" testListId="8c84fa94-04c1-424b-9868-57a2d4851a1d" relativeResultsDirectory="6717c862-24b4-46e6-b0e4-f5758881f4d1" />
    <UnitTestResult executionId="0f9bf060-e567-4da9-886d-b1354cf334bb" testId="cc8c4344-b195-effa-72ed-97a005cd9021" testName="BioDesk.Tests.Hardware.TiePie.Protocol.HS3CommandBuilderTests.Amplitude_WithValidRange_Accepts(amplitude: 50)" computerName="BIODESK" duration="00:00:00.0001872" startTime="2025-10-23T17:31:45.3344813+01:00" endTime="2025-10-23T17:31:45.3344815+01:00" testType="13cdc9d9-ddb5-4fa4-a97d-d965ccfc6d4b" outcome="Passed" testListId="8c84fa94-04c1-424b-9868-57a2d4851a1d" relativeResultsDirectory="0f9bf060-e567-4da9-886d-b1354cf334bb" />
    <UnitTestResult executionId="bc3b0812-3851-40ba-85df-4ebe72f0f849" testId="8867124d-1629-d339-79aa-3b0e5c9f7eee" testName="BioDesk.Tests.Validators.ProtocoloTerapeuticoValidatorTests.DuracaoMinPorFrequencia_DentroDoRange_NaoDeveGerarErro(duracao: 60)" computerName="BIODESK" duration="00:00:00.0004556" startTime="2025-10-23T17:31:47.1522304+01:00" endTime="2025-10-23T17:31:47.1522306+01:00" testType="13cdc9d9-ddb5-4fa4-a97d-d965ccfc6d4b" outcome="Passed" testListId="8c84fa94-04c1-424b-9868-57a2d4851a1d" relativeResultsDirectory="bc3b0812-3851-40ba-85df-4ebe72f0f849" />
    <UnitTestResult executionId="029d605a-1e03-4793-adb8-66e62b86dcd3" testId="07ad04ee-88ef-17b3-da48-b67117b7decb" testName="BioDesk.Tests.Validators.TerapiaFilaItemValidatorTests.Ordem_Valida_NaoDeveGerarErro(ordem: 100)" computerName="BIODESK" duration="00:00:00.0001616" startTime="2025-10-23T17:31:44.0630355+01:00" endTime="2025-10-23T17:31:44.0630357+01:00" testType="13cdc9d9-ddb5-4fa4-a97d-d965ccfc6d4b" outcome="Passed" testListId="8c84fa94-04c1-424b-9868-57a2d4851a1d" relativeResultsDirectory="029d605a-1e03-4793-adb8-66e62b86dcd3" />
    <UnitTestResult executionId="e52066b0-ba20-4abe-94f2-3df010fbd2d5" testId="32c3c0d5-c8ec-3134-d764-2a20cac2b103" testName="BioDesk.Tests.Validators.ProtocoloTerapeuticoValidatorTests.AmplitudeV_ForaDoRange_DeveGerarErro(amplitude: 0,050000000000000003)" computerName="BIODESK" duration="00:00:00.0001393" startTime="2025-10-23T17:31:49.2193218+01:00" endTime="2025-10-23T17:31:49.2193219+01:00" testType="13cdc9d9-ddb5-4fa4-a97d-d965ccfc6d4b" outcome="Passed" testListId="8c84fa94-04c1-424b-9868-57a2d4851a1d" relativeResultsDirectory="e52066b0-ba20-4abe-94f2-3df010fbd2d5" />
    <UnitTestResult executionId="73bfdb2e-fb92-4b79-8bdc-9724fcec193d" testId="fe19c380-ff9e-3dc9-f6e4-3762425e611b" testName="BioDesk.Tests.Validators.TerapiaFilaItemValidatorTests.ProtocoloId_DeveSerMaiorQueZero(protocoloId: -1)" computerName="BIODESK" duration="00:00:00.0005400" startTime="2025-10-23T17:31:44.0725342+01:00" endTime="2025-10-23T17:31:44.0725343+01:00" testType="13cdc9d9-ddb5-4fa4-a97d-d965ccfc6d4b" outcome="Passed" testListId="8c84fa94-04c1-424b-9868-57a2d4851a1d" relativeResultsDirectory="73bfdb2e-fb92-4b79-8bdc-9724fcec193d" />
    <UnitTestResult executionId="9692b673-ca9e-4a68-9e14-624b1ec31330" testId="aca579b8-aa87-9022-253f-7cdca2e79ce4" testName="BioDesk.Tests.Services.RngServiceTests.SelectRandomFrequencies_CountMaiorQueDisponivel_ThrowsArgumentOutOfRangeException" computerName="BIODESK" duration="00:00:00.0016539" startTime="2025-10-23T17:31:51.0250716+01:00" endTime="2025-10-23T17:31:51.0250717+01:00" testType="13cdc9d9-ddb5-4fa4-a97d-d965ccfc6d4b" outcome="Passed" testListId="8c84fa94-04c1-424b-9868-57a2d4851a1d" relativeResultsDirectory="9692b673-ca9e-4a68-9e14-624b1ec31330" />
    <UnitTestResult executionId="bc0f4148-de7e-43be-b3ad-3f206d65031e" testId="f3b47afb-f479-7c8b-7cce-9c187d4d50f0" testName="BioDesk.Tests.Hardware.TiePie.Protocol.HS3CommandPresetsTests.OpCode_StopEmission_Is0x43" computerName="BIODESK" duration="00:00:00.0038414" startTime="2025-10-23T17:31:45.3346630+01:00" endTime="2025-10-23T17:31:45.3346632+01:00" testType="13cdc9d9-ddb5-4fa4-a97d-d965ccfc6d4b" outcome="Passed" testListId="8c84fa94-04c1-424b-9868-57a2d4851a1d" relativeResultsDirectory="bc0f4148-de7e-43be-b3ad-3f206d65031e" />
    <UnitTestResult executionId="38337d88-8c01-4285-8ddb-f91b2837fd8a" testId="f9daea42-abcc-a619-0be6-d2e456e1e94e" testName="BioDesk.Tests.Validators.TerapiaFilaItemValidatorTests.ValuePercent_DentroDoRange_NaoDeveGerarErro(value: 0)" computerName="BIODESK" duration="00:00:00.0003665" startTime="2025-10-23T17:31:44.0638549+01:00" endTime="2025-10-23T17:31:44.0638551+01:00" testType="13cdc9d9-ddb5-4fa4-a97d-d965ccfc6d4b" outcome="Passed" testListId="8c84fa94-04c1-424b-9868-57a2d4851a1d" relativeResultsDirectory="38337d88-8c01-4285-8ddb-f91b2837fd8a" />
    <UnitTestResult executionId="9aee7840-24aa-4e5f-8ce2-32ff79dd3c62" testId="4b341949-0f1b-a1a0-78f7-9cd5567761ef" testName="BioDesk.Tests.Validators.TerapiaFilaItemValidatorTests.Estado_Invalido_DeveGerarErro(estado: &quot;Invalid&quot;)" computerName="BIODESK" duration="00:00:00.0001952" startTime="2025-10-23T17:31:44.0449603+01:00" endTime="2025-10-23T17:31:44.0449604+01:00" testType="13cdc9d9-ddb5-4fa4-a97d-d965ccfc6d4b" outcome="Passed" testListId="8c84fa94-04c1-424b-9868-57a2d4851a1d" relativeResultsDirectory="9aee7840-24aa-4e5f-8ce2-32ff79dd3c62" />
    <UnitTestResult executionId="eaa0d887-969b-464b-b7c2-b97840787013" testId="a38495ae-3652-5a3b-4d45-3b1867eb89b2" testName="BioDesk.Tests.Validators.ProtocoloTerapeuticoValidatorTests.Modulacao_Invalida_DeveGerarErro(modulacao: &quot;&quot;)" computerName="BIODESK" duration="00:00:00.0001875" startTime="2025-10-23T17:31:47.1494976+01:00" endTime="2025-10-23T17:31:47.1494977+01:00" testType="13cdc9d9-ddb5-4fa4-a97d-d965ccfc6d4b" outcome="Passed" testListId="8c84fa94-04c1-424b-9868-57a2d4851a1d" relativeResultsDirectory="eaa0d887-969b-464b-b7c2-b97840787013" />
    <UnitTestResult executionId="f58e8cc0-9fbc-4164-86e6-c10b885e8e29" testId="ed1e6cfb-3513-ae82-a4c9-aa65c0b989e2" testName="BioDesk.Tests.Validators.ProtocoloTerapeuticoValidatorTests.ProtocoloInvalido_DeveGerarMultiplosErros" computerName="BIODESK" duration="00:00:00.0005687" startTime="2025-10-23T17:31:49.2174979+01:00" endTime="2025-10-23T17:31:49.2174980+01:00" testType="13cdc9d9-ddb5-4fa4-a97d-d965ccfc6d4b" outcome="Passed" testListId="8c84fa94-04c1-424b-9868-57a2d4851a1d" relativeResultsDirectory="f58e8cc0-9fbc-4164-86e6-c10b885e8e29" />
    <UnitTestResult executionId="65b0988a-79eb-4dc1-a2b6-6e80a0fe917c" testId="e9b2000b-9cf4-9a22-3240-ac073ac13399" testName="BioDesk.Tests.Hardware.TiePie.Protocol.HS3CommandPresetsTests.StartEmission_ReturnsValidCommand" computerName="BIODESK" duration="00:00:00.0001221" startTime="2025-10-23T17:31:47.0701888+01:00" endTime="2025-10-23T17:31:47.0701888+01:00" testType="13cdc9d9-ddb5-4fa4-a97d-d965ccfc6d4b" outcome="Passed" testListId="8c84fa94-04c1-424b-9868-57a2d4851a1d" relativeResultsDirectory="65b0988a-79eb-4dc1-a2b6-6e80a0fe917c" />
    <UnitTestResult executionId="b9b6b2d0-01ca-4b8c-af1c-b52f26c96ea7" testId="2cc6c172-c7c8-3372-9d17-f845fc776199" testName="BioDesk.Tests.Validators.ProtocoloTerapeuticoValidatorTests.AmplitudeV_ForaDoRange_DeveGerarErro(amplitude: 20)" computerName="BIODESK" duration="00:00:00.0001353" startTime="2025-10-23T17:31:49.2191544+01:00" endTime="2025-10-23T17:31:49.2191545+01:00" testType="13cdc9d9-ddb5-4fa4-a97d-d965ccfc6d4b" outcome="Passed" testListId="8c84fa94-04c1-424b-9868-57a2d4851a1d" relativeResultsDirectory="b9b6b2d0-01ca-4b8c-af1c-b52f26c96ea7" />
    <UnitTestResult executionId="51c0f87a-3728-4cd6-ba98-c040047356df" testId="35332e3a-38f5-8a49-afec-e6e53f1698f0" testName="BioDesk.Tests.Validators.TerapiaFilaItemValidatorTests.ImprovementPercent_DentroDoRange_NaoDeveGerarErro(improvement: 95)" computerName="BIODESK" duration="00:00:00.0001705" startTime="2025-10-23T17:31:44.0501098+01:00" endTime="2025-10-23T17:31:44.0501099+01:00" testType="13cdc9d9-ddb5-4fa4-a97d-d965ccfc6d4b" outcome="Passed" testListId="8c84fa94-04c1-424b-9868-57a2d4851a1d" relativeResultsDirectory="51c0f87a-3728-4cd6-ba98-c040047356df" />
    <UnitTestResult executionId="65da1ca4-07d6-4e6b-a61d-bbdd28a4ccbe" testId="861a479c-00e2-bba7-58e5-fa510e1b77ae" testName="BioDesk.Tests.Validators.TerapiaFilaItemValidatorTests.ValuePercent_ForaDoRange_DeveGerarErro(value: -50)" computerName="BIODESK" duration="00:00:00.0001503" startTime="2025-10-23T17:31:44.0669205+01:00" endTime="2025-10-23T17:31:44.0669206+01:00" testType="13cdc9d9-ddb5-4fa4-a97d-d965ccfc6d4b" outcome="Passed" testListId="8c84fa94-04c1-424b-9868-57a2d4851a1d" relativeResultsDirectory="65da1ca4-07d6-4e6b-a61d-bbdd28a4ccbe" />
    <UnitTestResult executionId="493b5a9b-8b60-4bf5-b2b8-8191f43b3a68" testId="2286adc5-a377-d914-340a-8e86e4a53ada" testName="BioDesk.Tests.Validators.ProtocoloTerapeuticoValidatorTests.LimiteCorrenteMa_DentroDoRange_NaoDeveGerarErro(corrente: 0,10000000000000001)" computerName="BIODESK" duration="00:00:00.0003160" startTime="2025-10-23T17:31:49.2164023+01:00" endTime="2025-10-23T17:31:49.2164024+01:00" testType="13cdc9d9-ddb5-4fa4-a97d-d965ccfc6d4b" outcome="Passed" testListId="8c84fa94-04c1-424b-9868-57a2d4851a1d" relativeResultsDirectory="493b5a9b-8b60-4bf5-b2b8-8191f43b3a68" />
    <UnitTestResult executionId="20e40903-3bcc-439e-a98f-6e2736ed3be0" testId="a8dba0ca-d64e-b36a-b781-7c19e21ae1bc" testName="BioDesk.Tests.Hardware.TiePie.Protocol.HS3CommandPresetsTests.Waveform_SawtoothValue_Is0x03" computerName="BIODESK" duration="00:00:00.0000841" startTime="2025-10-23T17:31:47.0710478+01:00" endTime="2025-10-23T17:31:47.0710479+01:00" testType="13cdc9d9-ddb5-4fa4-a97d-d965ccfc6d4b" outcome="Passed" testListId="8c84fa94-04c1-424b-9868-57a2d4851a1d" relativeResultsDirectory="20e40903-3bcc-439e-a98f-6e2736ed3be0" />
    <UnitTestResult executionId="e0a37b7b-1aa9-4884-9278-b657e5b235a8" testId="f1ef19ba-a5bc-f5b2-cdd2-35b9576718a8" testName="BioDesk.Tests.Hardware.TiePie.Protocol.HS3CommandBuilderTests.Amplitude_WithInvalidRange_ThrowsArgumentException(amplitude: 200)" computerName="BIODESK" duration="00:00:00.0005086" startTime="2025-10-23T17:31:45.3332704+01:00" endTime="2025-10-23T17:31:45.3332705+01:00" testType="13cdc9d9-ddb5-4fa4-a97d-d965ccfc6d4b" outcome="Passed" testListId="8c84fa94-04c1-424b-9868-57a2d4851a1d" relativeResultsDirectory="e0a37b7b-1aa9-4884-9278-b657e5b235a8" />
    <UnitTestResult executionId="e52a688a-4732-4116-ab74-18804ec7e353" testId="bae3de67-b0c6-2808-d62e-c6da5278223c" testName="BioDesk.Tests.Hardware.TiePie.Protocol.HS3CommandBuilderTests.AddCRC8_AddsChecksum" computerName="BIODESK" duration="00:00:00.0013525" startTime="2025-10-23T17:31:45.3447527+01:00" endTime="2025-10-23T17:31:45.3447529+01:00" testType="13cdc9d9-ddb5-4fa4-a97d-d965ccfc6d4b" outcome="Passed" testListId="8c84fa94-04c1-424b-9868-57a2d4851a1d" relativeResultsDirectory="e52a688a-4732-4116-ab74-18804ec7e353" />
    <UnitTestResult executionId="2ac19a13-9e97-46a5-b0de-a1c7aaa3b8d0" testId="79a220d6-3361-edd5-8852-26d2f460c415" testName="BioDesk.Tests.Hardware.TiePie.Protocol.HS3CommandBuilderTests.Build_WithValidOpCode_ReturnsValidCommand" computerName="BIODESK" duration="00:00:00.0001304" startTime="2025-10-23T17:31:45.3368128+01:00" endTime="2025-10-23T17:31:45.3368129+01:00" testType="13cdc9d9-ddb5-4fa4-a97d-d965ccfc6d4b" outcome="Passed" testListId="8c84fa94-04c1-424b-9868-57a2d4851a1d" relativeResultsDirectory="2ac19a13-9e97-46a5-b0de-a1c7aaa3b8d0" />
    <UnitTestResult executionId="35f3a4f3-7dfe-44d2-89df-9febb0e96313" testId="be877eb7-95eb-0aa6-09c8-92e10f131444" testName="BioDesk.Tests.Services.DummyTiePieHardwareServiceTests.SendMultipleFrequencies_ArrayValido_RetornaTrue" computerName="BIODESK" duration="00:00:15.6372827" startTime="2025-10-23T17:31:53.0028080+01:00" endTime="2025-10-23T17:31:53.0028083+01:00" testType="13cdc9d9-ddb5-4fa4-a97d-d965ccfc6d4b" outcome="Passed" testListId="8c84fa94-04c1-424b-9868-57a2d4851a1d" relativeResultsDirectory="35f3a4f3-7dfe-44d2-89df-9febb0e96313" />
    <UnitTestResult executionId="42d608d7-3b88-4d1a-8221-c3d397d65ea0" testId="ca821fa7-6451-8763-57aa-de9908b5e7b4" testName="BioDesk.Tests.Validators.ProtocoloTerapeuticoValidatorTests.Modulacao_Invalida_DeveGerarErro(modulacao: &quot;Invalid&quot;)" computerName="BIODESK" duration="00:00:00.0003640" startTime="2025-10-23T17:31:47.1492660+01:00" endTime="2025-10-23T17:31:47.1492661+01:00" testType="13cdc9d9-ddb5-4fa4-a97d-d965ccfc6d4b" outcome="Passed" testListId="8c84fa94-04c1-424b-9868-57a2d4851a1d" relativeResultsDirectory="42d608d7-3b88-4d1a-8221-c3d397d65ea0" />
    <UnitTestResult executionId="e4791497-6411-435b-a13e-6dbe6ec11867" testId="1505dcf4-0371-b085-6439-268f4fbac720" testName="BioDesk.Tests.Hardware.TiePie.Protocol.HS3CommandBuilderTests.Duration_AtMaxBoundary_IsValid" computerName="BIODESK" duration="00:00:00.0001177" startTime="2025-10-23T17:31:45.3318138+01:00" endTime="2025-10-23T17:31:45.3318139+01:00" testType="13cdc9d9-ddb5-4fa4-a97d-d965ccfc6d4b" outcome="Passed" testListId="8c84fa94-04c1-424b-9868-57a2d4851a1d" relativeResultsDirectory="e4791497-6411-435b-a13e-6dbe6ec11867" />
    <UnitTestResult executionId="5be2ad0e-12d5-43a8-972f-b0987a0340eb" testId="14657beb-d8de-4392-d5b4-32607baa4c50" testName="BioDesk.Tests.Validators.ProtocoloTerapeuticoValidatorTests.DuracaoMinPorFrequencia_ForaDoRange_DeveGerarErro(duracao: 120)" computerName="BIODESK" duration="00:00:00.0001941" startTime="2025-10-23T17:31:47.1508660+01:00" endTime="2025-10-23T17:31:47.1508661+01:00" testType="13cdc9d9-ddb5-4fa4-a97d-d965ccfc6d4b" outcome="Passed" testListId="8c84fa94-04c1-424b-9868-57a2d4851a1d" relativeResultsDirectory="5be2ad0e-12d5-43a8-972f-b0987a0340eb" />
[...]
    <TestEntry testId="2129e6f3-84f5-8010-af58-4abf604992bd" executionId="713cb09b-5faf-4289-87fc-43c73dd6c62c" testListId="8c84fa94-04c1-424b-9868-57a2d4851a1d" />
    <TestEntry testId="7bb33898-8dde-cb33-9af8-e6ddfe0466a9" executionId="3fb8d5c9-7d55-4a41-ad4e-aa00fd9df956" testListId="8c84fa94-04c1-424b-9868-57a2d4851a1d" />
    <TestEntry testId="1122a11a-1901-edcd-b631-7b938b20d519" executionId="80e085ad-0491-40de-be02-6bfbc10f8901" testListId="8c84fa94-04c1-424b-9868-57a2d4851a1d" />
    <TestEntry testId="a8f5220d-673d-a485-25f4-7a4f84cf469f" executionId="88a6927c-4b3c-4cca-b786-4295cc32cc49" testListId="8c84fa94-04c1-424b-9868-57a2d4851a1d" />
    <TestEntry testId="a9b4d49d-d9f4-2ffd-a4c4-2ec8d097fc52" executionId="1044c742-e7aa-467a-8822-8745fccac058" testListId="8c84fa94-04c1-424b-9868-57a2d4851a1d" />
    <TestEntry testId="82e2b030-ee7b-383c-b086-8c07fb3eba97" executionId="1159e71b-567d-4631-be9c-c0d5bd80feac" testListId="8c84fa94-04c1-424b-9868-57a2d4851a1d" />
    <TestEntry testId="917df707-d472-3787-ac3d-8f3e3e3bd111" executionId="76e78c46-cfa5-47e5-b9c1-199fbbb12cf3" testListId="8c84fa94-04c1-424b-9868-57a2d4851a1d" />
    <TestEntry testId="c674ff17-a760-82d0-adff-9c912843a476" executionId="2f8a8e83-d8d1-4b7e-a3b5-c40723e64cf2" testListId="8c84fa94-04c1-424b-9868-57a2d4851a1d" />
    <TestEntry testId="9dec7530-bf84-6142-3395-ff0979b9ef16" executionId="d6c574bc-3e07-4635-98a6-8027e898e023" testListId="8c84fa94-04c1-424b-9868-57a2d4851a1d" />
    <TestEntry testId="9694074f-6d00-13f6-2275-ef73297fc0ce" executionId="17dc75ba-dbf9-4720-a399-5f5eb650a716" testListId="8c84fa94-04c1-424b-9868-57a2d4851a1d" />
    <TestEntry testId="7acbb76c-4858-f8fa-7787-8cf8fd3bf939" executionId="8b0905b9-7821-45d2-959d-a434808d750c" testListId="8c84fa94-04c1-424b-9868-57a2d4851a1d" />
    <TestEntry testId="c1c0e822-c373-ec16-d206-13238e5acb26" executionId="cb029c4d-665d-4958-89ab-50f22265050e" testListId="8c84fa94-04c1-424b-9868-57a2d4851a1d" />
    <TestEntry testId="c1f337c3-7eae-f40d-c412-de67d7392c39" executionId="81529684-eb4b-4bf3-a3cc-ff5d06ed5f1c" testListId="8c84fa94-04c1-424b-9868-57a2d4851a1d" />
    <TestEntry testId="823525d4-8445-4038-68f1-be81a7f8691c" executionId="8a9658a1-4ecb-4dfb-aa77-2932fbe0e2e1" testListId="8c84fa94-04c1-424b-9868-57a2d4851a1d" />
    <TestEntry testId="98e5231a-9227-be6f-b262-85ca6ec9202d" executionId="e6996bae-890e-46a7-aef6-1f29cdaa3999" testListId="8c84fa94-04c1-424b-9868-57a2d4851a1d" />
    <TestEntry testId="d67a514f-5f62-9433-3064-fb35815751ee" executionId="45a8e590-7144-41eb-8cfa-44f3df0909d9" testListId="8c84fa94-04c1-424b-9868-57a2d4851a1d" />
    <TestEntry testId="00f426a5-5294-a497-e01d-fdb96643db45" executionId="84253f86-010b-4519-a76c-c82fc1816adf" testListId="8c84fa94-04c1-424b-9868-57a2d4851a1d" />
    <TestEntry testId="4033dab6-c3d1-c6f1-6188-34b57c811d48" executionId="87dcaa59-9b50-4960-b178-52a5bb47f96e" testListId="8c84fa94-04c1-424b-9868-57a2d4851a1d" />
    <TestEntry testId="c6ff0c94-7ab0-e609-807a-45cf23a46bd6" executionId="a2d4bb40-8432-40f4-a1c8-b85071fd8496" testListId="8c84fa94-04c1-424b-9868-57a2d4851a1d" />
    <TestEntry testId="2a646461-5917-9e66-06d0-1587c3641233" executionId="61ab84d7-0fa8-4e2e-8443-740a43e59470" testListId="8c84fa94-04c1-424b-9868-57a2d4851a1d" />
    <TestEntry testId="a7531a04-b4c7-b873-a621-71dff85f2b6b" executionId="c6620f99-8e2b-4e6d-ad18-047bf29517b0" testListId="8c84fa94-04c1-424b-9868-57a2d4851a1d" />
    <TestEntry testId="20973dd4-3c0b-970e-4628-bf21037fce7e" executionId="64234713-97c2-4ef1-b494-b0fce4f5c9d6" testListId="8c84fa94-04c1-424b-9868-57a2d4851a1d" />
    <TestEntry testId="9edac3f3-7cc5-baad-f07f-435032c12eb2" executionId="032097be-a0cc-45f9-bf09-fd9eb1863624" testListId="8c84fa94-04c1-424b-9868-57a2d4851a1d" />
    <TestEntry testId="ba4abc54-909c-8b07-4f7a-c4c408693cb3" executionId="7efde1f7-3f83-49b4-8186-0ca3b233ab34" testListId="8c84fa94-04c1-424b-9868-57a2d4851a1d" />
    <TestEntry testId="3b091158-e3b5-984c-ffbd-9cc3fa0dcefe" executionId="a7ff50ec-e9a4-4b49-ae7e-d21fd167b966" testListId="8c84fa94-04c1-424b-9868-57a2d4851a1d" />
    <TestEntry testId="8b08f1a1-f5c0-4788-8ca6-af10603b3d65" executionId="5897d4fe-aa1b-4aa9-9a5b-51d6c33f9b51" testListId="8c84fa94-04c1-424b-9868-57a2d4851a1d" />
    <TestEntry testId="081a6ae8-0f71-6524-d6bb-87d40fcb4706" executionId="9698a830-605d-46c5-a7a5-cac53dc182a8" testListId="8c84fa94-04c1-424b-9868-57a2d4851a1d" />
    <TestEntry testId="9ed80717-262a-fe87-a44c-6ee4b9881206" executionId="c42f5d14-0094-4c6e-840b-0aa1ef862728" testListId="8c84fa94-04c1-424b-9868-57a2d4851a1d" />
    <TestEntry testId="2c8b0022-4726-8708-8731-733de25e3c19" executionId="46a037bc-2031-48e9-9a81-3e73c964d806" testListId="8c84fa94-04c1-424b-9868-57a2d4851a1d" />
    <TestEntry testId="f275a407-352a-ada2-536c-8e96f164ccf0" executionId="b5e85c53-dd06-430a-8b8a-325fdb21a0c6" testListId="8c84fa94-04c1-424b-9868-57a2d4851a1d" />
    <TestEntry testId="ede82224-804f-022e-090b-e582a8352898" executionId="50aaf2c7-a58f-4fc6-852e-e5a5ead29793" testListId="8c84fa94-04c1-424b-9868-57a2d4851a1d" />
    <TestEntry testId="82777692-02d0-f7fc-f1ee-98924414ce3f" executionId="7f72f745-5175-47e8-8977-70a54cccc5ff" testListId="8c84fa94-04c1-424b-9868-57a2d4851a1d" />
    <TestEntry testId="029ca6fa-6520-67f3-3fa7-2097b27b9c23" executionId="5b4da956-a8bf-41dc-b978-ff7a39ae6dcd" testListId="8c84fa94-04c1-424b-9868-57a2d4851a1d" />
    <TestEntry testId="867c2f73-5659-06dd-0280-f54f63b492b1" executionId="bb93bdb7-7f2c-413a-a49d-e12dd21c33ac" testListId="8c84fa94-04c1-424b-9868-57a2d4851a1d" />
    <TestEntry testId="55cb4485-d4a1-ee52-f93b-37a35e92c9e8" executionId="06cd66a9-fc76-4a00-a76d-638ba8a5f5cc" testListId="8c84fa94-04c1-424b-9868-57a2d4851a1d" />
    <TestEntry testId="dc920e45-286b-05c7-2986-2fd2b50b9191" executionId="24c3e778-7861-4bff-8ad0-d21c6b30b68e" testListId="8c84fa94-04c1-424b-9868-57a2d4851a1d" />
    <TestEntry testId="82f779cb-ed53-0636-04c0-ddcbd1485474" executionId="36caea8b-dc1b-4244-bf3b-3833b828c9ba" testListId="8c84fa94-04c1-424b-9868-57a2d4851a1d" />
    <TestEntry testId="f49d6ca8-2912-5f7f-c3ae-b2040cfaf952" executionId="f77db9c4-bd24-44f9-b744-ce89660d43fd" testListId="8c84fa94-04c1-424b-9868-57a2d4851a1d" />
    <TestEntry testId="2d8b8558-c65b-a71f-fbed-8e4d8255a70c" executionId="b1161a1f-e0d5-4ee2-ba22-1d8cd495ae57" testListId="8c84fa94-04c1-424b-9868-57a2d4851a1d" />
    <TestEntry testId="a62ca889-e231-6214-a1c5-ea07bdcbd61e" executionId="38cbf9a0-9fa7-4ebe-8578-3d5f6802b69c" testListId="8c84fa94-04c1-424b-9868-57a2d4851a1d" />
    <TestEntry testId="92498301-5fe3-33f9-f90e-c3407b15f26c" executionId="af3338b2-3120-4c56-ab9c-df30a9184f9e" testListId="8c84fa94-04c1-424b-9868-57a2d4851a1d" />
    <TestEntry testId="a3661fdc-99d9-05e2-724f-2c0fb4ff7c23" executionId="5fc1c0d6-0950-4132-8632-0f6cddf24fd5" testListId="8c84fa94-04c1-424b-9868-57a2d4851a1d" />
    <TestEntry testId="493c2b68-dfa8-54c6-b2f7-4358ab76abcb" executionId="eacb4862-dfc9-4faa-81d3-b7681dc44341" testListId="8c84fa94-04c1-424b-9868-57a2d4851a1d" />
    <TestEntry testId="ad1b5146-0529-9a1a-e21a-3f2f2ea9f3ad" executionId="958cab6b-f0d0-462b-af8a-11ba089fbb4d" testListId="8c84fa94-04c1-424b-9868-57a2d4851a1d" />
    <TestEntry testId="d7ca5a24-3067-1f6c-a143-313b98d3f127" executionId="33f2058e-76be-4fd2-83a6-6d889390d338" testListId="8c84fa94-04c1-424b-9868-57a2d4851a1d" />
    <TestEntry testId="da22ca18-a068-9abe-bb7b-b5a47e81b8e5" executionId="e517e837-21d0-4efa-823c-95882753c5e4" testListId="8c84fa94-04c1-424b-9868-57a2d4851a1d" />
    <TestEntry testId="e3fc1cce-03f8-8438-9d37-a9cb883cc7ae" executionId="13ccc080-1bde-4170-937e-ad9ccce2e269" testListId="8c84fa94-04c1-424b-9868-57a2d4851a1d" />
    <TestEntry testId="55a71fbd-e4c4-4d07-836e-1224cd798a80" executionId="d2764743-7fa5-4e57-8286-1cc6711c05a9" testListId="8c84fa94-04c1-424b-9868-57a2d4851a1d" />
    <TestEntry testId="5e1695ca-9194-2e39-b737-d3d855d8133f" executionId="01c2aa69-1920-4487-87d6-a13f26e7b3fa" testListId="8c84fa94-04c1-424b-9868-57a2d4851a1d" />
    <TestEntry testId="f1cf90e9-de93-531d-746e-73a718710571" executionId="5407d11e-5044-4aac-939a-b13fe27ac76e" testListId="8c84fa94-04c1-424b-9868-57a2d4851a1d" />
    <TestEntry testId="55941662-e553-54ee-c806-c9785d878729" executionId="307d6b4f-2b43-46e8-b803-dac34742310b" testListId="8c84fa94-04c1-424b-9868-57a2d4851a1d" />
    <TestEntry testId="8ca8e12d-b8e3-3163-31d4-2875fa6c1c1d" executionId="a505290b-ba15-4716-83bc-71aa295e9960" testListId="8c84fa94-04c1-424b-9868-57a2d4851a1d" />
    <TestEntry testId="ea556e19-1a64-d6e4-d806-d1fe926989c0" executionId="ad8ae628-fc17-4552-9f3c-14bd48e27415" testListId="8c84fa94-04c1-424b-9868-57a2d4851a1d" />
    <TestEntry testId="ac1cc456-6b6b-03d8-ef26-720fb85ab0cd" executionId="32d5e3c5-fd4f-4b96-a8f0-bb759f8c600c" testListId="8c84fa94-04c1-424b-9868-57a2d4851a1d" />
    <TestEntry testId="a7f5c2c5-a57c-a8cb-047d-b14e99768246" executionId="f80804c3-57d2-4048-96dc-e8cc17172f79" testListId="8c84fa94-04c1-424b-9868-57a2d4851a1d" />
    <TestEntry testId="26388d7f-b00c-c507-8d5c-fa47959395f4" executionId="6af0795a-58f9-48c5-8e62-9f9b9e37a6dc" testListId="8c84fa94-04c1-424b-9868-57a2d4851a1d" />
    <TestEntry testId="08e8405c-c03f-7d99-16ca-bda5ead38efb" executionId="71c30075-d471-488a-a361-ed988ee19cb3" testListId="8c84fa94-04c1-424b-9868-57a2d4851a1d" />
    <TestEntry testId="3bb6d5a1-be83-7157-3a13-58b6fee9f631" executionId="39c4d085-90fa-495a-92c6-d05406b39c61" testListId="8c84fa94-04c1-424b-9868-57a2d4851a1d" />
  </TestEntries>
  <TestLists>
    <TestList name="Results Not in a List" id="8c84fa94-04c1-424b-9868-57a2d4851a1d" />
    <TestList name="All Loaded Results" id="19431567-8539-422a-85d7-44ee4e166bda" />
  </TestLists>
  <ResultSummary outcome="Completed">
    <Counters total="268" executed="260" passed="260" failed="0" error="0" timeout="0" aborted="0" inconclusive="0" passedButRunAborted="0" notRunnable="0" notExecuted="0" disconnected="0" warning="0" completed="0" inProgress="0" pending="0" />
    <Output>
      <StdOut>[xUnit.net 00:00:00.00] xUnit.net VSTest Adapter v2.8.2+699d445a1a (64-bit .NET 8.0.21)&#xD;
[xUnit.net 00:00:05.55]   Discovering: BioDesk.Tests&#xD;
[xUnit.net 00:00:05.61]   Discovered:  BioDesk.Tests&#xD;
[xUnit.net 00:00:05.61]   Starting:    BioDesk.Tests&#xD;
[xUnit.net 00:00:05.65]       Requires physical TiePie HS3 hardware connected via USB - LONG RUNNING TEST (~5s)&#xD;
[xUnit.net 00:00:05.65]       Requires physical TiePie HS3 hardware connected via USB&#xD;
Test 'BioDesk.Tests.Hardware.TiePie.Protocol.HS3ProtocolTests.Test_StressTest_1000Operations' was skipped in the test run.&#xD;
Test 'BioDesk.Tests.Hardware.TiePie.Protocol.HS3ProtocolTests.Test_GetDeviceCapabilities_ReturnsCorrectVIDPID' was skipped in the test run.&#xD;
[xUnit.net 00:00:05.66]       Requires physical TiePie HS3 hardware connected via USB&#xD;
[xUnit.net 00:00:05.66]       Requires physical TiePie HS3 hardware connected via USB&#xD;
[xUnit.net 00:00:05.66]       Requires physical TiePie HS3 hardware connected via USB&#xD;
[xUnit.net 00:00:05.66]       Requires physical TiePie HS3 hardware connected via USB&#xD;
[xUnit.net 00:00:05.66]       Requires physical TiePie HS3 hardware connected via USB&#xD;
[xUnit.net 00:00:05.66]       Requires physical TiePie HS3 hardware connected via USB&#xD;
Test 'BioDesk.Tests.Hardware.TiePie.Protocol.HS3ProtocolTests.Test_DeviceDiscovery_FindsMultipleDevices' was skipped in the test run.&#xD;
Test 'BioDesk.Tests.Hardware.TiePie.Protocol.HS3ProtocolTests.Test_DeviceDiscovery_FindsHS3' was skipped in the test run.&#xD;
Test 'BioDesk.Tests.Hardware.TiePie.Protocol.HS3ProtocolTests.Test_OpenDevice_WithRealHardware' was skipped in the test run.&#xD;
Test 'BioDesk.Tests.Hardware.TiePie.Protocol.HS3ProtocolTests.Test_SendCommand_ReadWritePattern' was skipped in the test run.&#xD;
Test 'BioDesk.Tests.Hardware.TiePie.Protocol.HS3ProtocolTests.Test_TimingValidation_BulkTransfer64Bytes' was skipped in the test run.&#xD;
Test 'BioDesk.Tests.Hardware.TiePie.Protocol.HS3ProtocolTests.Test_InitializationSequence_FollowsProtocol' was skipped in the test run.&#xD;
warn: BioDesk.Services.Hardware.DummyTiePieHardwareService[0]&#xD;
      ?? DummyTiePieHardwareService inicializado - MODO SIMULA��O (sem hardware real)&#xD;
info: BioDesk.Services.Hardware.DummyTiePieHardwareService[0]&#xD;
      ?? SIMULANDO envio de 3 frequ�ncias no Ch1: [2720,00 Hz, 1600,00 Hz, 987,60 Hz]&#xD;
info: BioDesk.Services.Hardware.DummyTiePieHardwareService[0]&#xD;
      ?? SIMULANDO envio de sinal: Ch1: 2720,00 Hz, 1,50V, Sine, 0,5s&#xD;
info: BioDesk.Services.Hardware.DummyTiePieHardwareService[0]&#xD;
      ? Sinal simulado com sucesso&#xD;
info: BioDesk.Services.Hardware.DummyTiePieHardwareService[0]&#xD;
      ?? SIMULANDO envio de sinal: Ch1: 1600,00 Hz, 1,50V, Sine, 0,5s&#xD;
info: BioDesk.Services.Hardware.DummyTiePieHardwareService[0]&#xD;
      ? Sinal simulado com sucesso&#xD;
info: BioDesk.Services.Hardware.DummyTiePieHardwareService[0]&#xD;
      ?? SIMULANDO envio de sinal: Ch1: 987,60 Hz, 1,50V, Sine, 0,5s&#xD;
info: BioDesk.Services.Hardware.DummyTiePieHardwareService[0]&#xD;
      ? Sinal simulado com sucesso&#xD;
info: BioDesk.Services.Hardware.DummyTiePieHardwareService[0]&#xD;
      ? Todas as 3 frequ�ncias foram simuladas com sucesso&#xD;
warn: BioDesk.Services.Hardware.DummyTiePieHardwareService[0]&#xD;
      ?? DummyTiePieHardwareService inicializado - MODO SIMULA��O (sem hardware real)&#xD;
info: BioDesk.Services.Hardware.DummyTiePieHardwareService[0]&#xD;
      ?? SIMULANDO paragem de todos os canais&#xD;
warn: BioDesk.Services.Hardware.DummyTiePieHardwareService[0]&#xD;
      ?? DummyTiePieHardwareService inicializado - MODO SIMULA��O (sem hardware real)&#xD;
info: BioDesk.Services.Hardware.DummyTiePieHardwareService[0]&#xD;
      ?? GetStatus: Simulando hardware conectado&#xD;
warn: BioDesk.Services.Hardware.DummyTiePieHardwareService[0]&#xD;
      ?? DummyTiePieHardwareService inicializado - MODO SIMULA��O (sem hardware real)&#xD;
warn: BioDesk.Services.Hardware.DummyTiePieHardwareService[0]&#xD;
      ?? DummyTiePieHardwareService inicializado - MODO SIMULA��O (sem hardware real)&#xD;
info: BioDesk.Services.Hardware.DummyTiePieHardwareService[0]&#xD;
      ?? SIMULANDO envio de sinal: Ch1: 2720,00 Hz, 1,00V, Sine, 0,5s&#xD;
info: BioDesk.Services.Hardware.DummyTiePieHardwareService[0]&#xD;
      ? Sinal simulado com sucesso&#xD;
warn: BioDesk.Services.Hardware.DummyTiePieHardwareService[0]&#xD;
      ?? DummyTiePieHardwareService inicializado - MODO SIMULA��O (sem hardware real)&#xD;
info: BioDesk.Services.Hardware.DummyTiePieHardwareService[0]&#xD;
      ?? SIMULANDO envio de sinal: Ch2: 1600,00 Hz, 2,50V, Square, 0,5s&#xD;
info: BioDesk.Services.Hardware.DummyTiePieHardwareService[0]&#xD;
      ? Sinal simulado com sucesso&#xD;
warn: BioDesk.Services.Hardware.DummyTiePieHardwareService[0]&#xD;
      ?? DummyTiePieHardwareService inicializado - MODO SIMULA��O (sem hardware real)&#xD;
info: BioDesk.Services.Hardware.DummyTiePieHardwareService[0]&#xD;
      ?? SIMULANDO envio de sinal: Ch1: 987,60 Hz, 1,50V, Triangle, 0,5s&#xD;
info: BioDesk.Services.Hardware.DummyTiePieHardwareService[0]&#xD;
      ? Sinal simulado com sucesso&#xD;
warn: BioDesk.Services.Hardware.DummyTiePieHardwareService[0]&#xD;
      ?? DummyTiePieHardwareService inicializado - MODO SIMULA��O (sem hardware real)&#xD;
info: BioDesk.Services.Hardware.DummyTiePieHardwareService[0]&#xD;
      ?? SIMULANDO envio de sinal: Ch2: 5000,00 Hz, 3,00V, Sawtooth, 0,5s&#xD;
info: BioDesk.Services.Hardware.DummyTiePieHardwareService[0]&#xD;
      ? Sinal simulado com sucesso&#xD;
warn: BioDesk.Services.Hardware.DummyTiePieHardwareService[0]&#xD;
      ?? DummyTiePieHardwareService inicializado - MODO SIMULA��O (sem hardware real)&#xD;
fail: BioDesk.Services.Hardware.DummyTiePieHardwareService[0]&#xD;
      ? Configura��o inv�lida: Ch1: 10000000,00 Hz, 2,50V, Sine, 1,0s&#xD;
warn: BioDesk.Services.Hardware.DummyTiePieHardwareService[0]&#xD;
      ?? DummyTiePieHardwareService inicializado - MODO SIMULA��O (sem hardware real)&#xD;
info: BioDesk.Services.Hardware.DummyTiePieHardwareService[0]&#xD;
      ?? SIMULANDO envio de sinal: Ch1: 2720,00 Hz, 2,50V, Sine, 1,0s&#xD;
info: BioDesk.Services.Hardware.DummyTiePieHardwareService[0]&#xD;
      ? Sinal simulado com sucesso&#xD;
warn: BioDesk.Services.Hardware.DummyTiePieHardwareService[0]&#xD;
      ?? DummyTiePieHardwareService inicializado - MODO SIMULA��O (sem hardware real)&#xD;
warn: BioDesk.Services.Hardware.DummyTiePieHardwareService[0]&#xD;
      ?? DummyTiePieHardwareService inicializado - MODO SIMULA��O (sem hardware real)&#xD;
warn: BioDesk.Services.Hardware.DummyTiePieHardwareService[0]&#xD;
      ?? DummyTiePieHardwareService inicializado - MODO SIMULA��O (sem hardware real)&#xD;
info: BioDesk.Services.Hardware.DummyTiePieHardwareService[0]&#xD;
      ?? SIMULANDO teste de hardware: 1 kHz, 1V, Sine, 2s&#xD;
info: BioDesk.Services.Hardware.DummyTiePieHardwareService[0]&#xD;
      ?? SIMULANDO envio de sinal: Ch1: 1000,00 Hz, 1,00V, Sine, 2,0s&#xD;
info: BioDesk.Services.Hardware.DummyTiePieHardwareService[0]&#xD;
      ? Sinal simulado com sucesso&#xD;
info: BioDesk.Services.Hardware.DummyTiePieHardwareService[0]&#xD;
      ? Teste de hardware simulado: PASSOU&#xD;
warn: BioDesk.Services.Hardware.DummyTiePieHardwareService[0]&#xD;
      ?? DummyTiePieHardwareService inicializado - MODO SIMULA��O (sem hardware real)&#xD;
[xUnit.net 00:00:40.25]   Finished:    BioDesk.Tests&#xD;
</StdOut>
    </Output>
    <RunInfos>
      <RunInfo computerName="BIODESK" outcome="Warning" timestamp="2025-10-23T17:31:37.3828776+01:00">
        <Text>[xUnit.net 00:00:05.65]     BioDesk.Tests.Hardware.TiePie.Protocol.HS3ProtocolTests.Test_StressTest_1000Operations [SKIP]</Text>
      </RunInfo>
      <RunInfo computerName="BIODESK" outcome="Warning" timestamp="2025-10-23T17:31:37.3838859+01:00">
        <Text>[xUnit.net 00:00:05.65]     BioDesk.Tests.Hardware.TiePie.Protocol.HS3ProtocolTests.Test_GetDeviceCapabilities_ReturnsCorrectVIDPID [SKIP]</Text>
      </RunInfo>
      <RunInfo computerName="BIODESK" outcome="Warning" timestamp="2025-10-23T17:31:37.4005426+01:00">
        <Text>[xUnit.net 00:00:05.66]     BioDesk.Tests.Hardware.TiePie.Protocol.HS3ProtocolTests.Test_DeviceDiscovery_FindsMultipleDevices [SKIP]</Text>
      </RunInfo>
      <RunInfo computerName="BIODESK" outcome="Warning" timestamp="2025-10-23T17:31:37.4009144+01:00">
        <Text>[xUnit.net 00:00:05.66]     BioDesk.Tests.Hardware.TiePie.Protocol.HS3ProtocolTests.Test_DeviceDiscovery_FindsHS3 [SKIP]</Text>
      </RunInfo>
      <RunInfo computerName="BIODESK" outcome="Warning" timestamp="2025-10-23T17:31:37.4012302+01:00">
        <Text>[xUnit.net 00:00:05.66]     BioDesk.Tests.Hardware.TiePie.Protocol.HS3ProtocolTests.Test_OpenDevice_WithRealHardware [SKIP]</Text>
      </RunInfo>
      <RunInfo computerName="BIODESK" outcome="Warning" timestamp="2025-10-23T17:31:37.4014181+01:00">
        <Text>[xUnit.net 00:00:05.66]     BioDesk.Tests.Hardware.TiePie.Protocol.HS3ProtocolTests.Test_SendCommand_ReadWritePattern [SKIP]</Text>
      </RunInfo>
      <RunInfo computerName="BIODESK" outcome="Warning" timestamp="2025-10-23T17:31:37.4016137+01:00">
        <Text>[xUnit.net 00:00:05.66]     BioDesk.Tests.Hardware.TiePie.Protocol.HS3ProtocolTests.Test_TimingValidation_BulkTransfer64Bytes [SKIP]</Text>
      </RunInfo>
      <RunInfo computerName="BIODESK" outcome="Warning" timestamp="2025-10-23T17:31:37.4018451+01:00">
        <Text>[xUnit.net 00:00:05.66]     BioDesk.Tests.Hardware.TiePie.Protocol.HS3ProtocolTests.Test_InitializationSequence_FollowsProtocol [SKIP]</Text>
      </RunInfo>
    </RunInfos>
  </ResultSummary>
</TestRun>